#
# A fatal error has been detected by the Java Runtime Environment:
#
#  EXCEPTION_ACCESS_VIOLATION (0xc0000005) at pc=0x00000000536e8ad2, pid=16664, tid=1996
#
# JRE version: 7.0_25-b17
# Java VM: Java HotSpot(TM) 64-Bit Server VM (23.25-b01 mixed mode windows-amd64 compressed oops)
# Problematic frame:
# C  [MSVCR100.dll+0x78ad2]  longjmp+0x12
#
# Failed to write core dump. Minidumps are not enabled by default on client versions of Windows
#
# If you would like to submit a bug report, please visit:
#   http://bugreport.sun.com/bugreport/crash.jsp
# The crash happened outside the Java Virtual Machine in native code.
# See problematic frame for where to report the bug.
#

---------------  T H R E A D  ---------------

Current thread (0x00000000150e8800):  JavaThread "IDL" [_thread_in_native, id=1996, stack(0x00000000184d0000,0x00000000185d0000)]

siginfo: ExceptionCode=0xc0000005, reading address 0x0000000000000000

Registers:
RAX=0x0000000000000001, RBX=0x0000000014e65e58, RCX=0x0000000000000000, RDX=0x0000000000000002
RSP=0x00000000185cda40, RBP=0x0000000000000001, RSI=0x00000000185cea30, RDI=0x00007fff0629eb10
R8 =0x0000000000000007, R9 =0x0000000000000000, R10=0x0000000000000000, R11=0x0000000004568ab8
R12=0x4152524441525244, R13=0x00000000185cec40, R14=0x00000000185cf6c0, R15=0x0000000000000001
RIP=0x00000000536e8ad2, EFLAGS=0x0000000000010246

Top of Stack: (sp=0x00000000185cda40)
0x00000000185cda40:   0000000014c81f10 000000000000000a
0x00000000185cda50:   0000000000000004 0000000014e65e58
0x00000000185cda60:   0000000000000000 00000000162c7140
0x00000000185cda70:   0000000000000000 00007fff00000020
0x00000000185cda80:   0000000015bd1270 00007fff05a07213
0x00000000185cda90:   00007fff00000000 000000001e3081fc
0x00000000185cdaa0:   0000000000000004 0000000000000001
0x00000000185cdab0:   0000000000000000 0000000015558020
0x00000000185cdac0:   4152524441525244 0000000015bd1990
0x00000000185cdad0:   0000000000000000 0000000000000008
0x00000000185cdae0:   0000000015bd1a10 00000000536d8d94
0x00000000185cdaf0:   00000000151ed698 00007fff05a17b0a
0x00000000185cdb00:   0000000015bd1a20 ffffffffffffffff
0x00000000185cdb10:   00000000151ed698 00007fff059683c1
0x00000000185cdb20:   00000000185cd100 0000000012d86b18
0x00000000185cdb30:   000000001572d910 00000000162e02b8 

Instructions: (pc=0x00000000536e8ad2)
0x00000000536e8ab2:   cc cc cc cc 66 66 0f 1f 84 00 00 00 00 00 48 81
0x00000000536e8ac2:   ec 38 05 00 00 48 85 d2 75 03 48 ff c2 4d 33 d2
0x00000000536e8ad2:   4c 39 11 0f 85 88 00 00 00 48 8b c2 48 8b 59 08
0x00000000536e8ae2:   48 8b 71 20 48 8b 79 28 4c 8b 61 30 4c 8b 69 38 


Register to memory mapping:

RAX=0x0000000000000001 is an unknown value
RBX=0x0000000014e65e58 is an unknown value
RCX=0x0000000000000000 is an unknown value
RDX=0x0000000000000002 is an unknown value
RSP=0x00000000185cda40 is pointing into the stack for thread: 0x00000000150e8800
RBP=0x0000000000000001 is an unknown value
RSI=0x00000000185cea30 is pointing into the stack for thread: 0x00000000150e8800
RDI=0x00007fff0629eb10 is an unknown value
R8 =0x0000000000000007 is an unknown value
R9 =0x0000000000000000 is an unknown value
R10=0x0000000000000000 is an unknown value
R11=0x0000000004568910 [CodeBlob (0x0000000004568910)]
Framesize: 14
R12=0x4152524441525244 is an unknown value
R13=0x00000000185cec40 is pointing into the stack for thread: 0x00000000150e8800
R14=0x00000000185cf6c0 is pointing into the stack for thread: 0x00000000150e8800
R15=0x0000000000000001 is an unknown value


Stack: [0x00000000184d0000,0x00000000185d0000],  sp=0x00000000185cda40,  free space=1014k
Native frames: (J=compiled Java code, j=interpreted, Vv=VM code, C=native code)
C  [MSVCR100.dll+0x78ad2]  longjmp+0x12

Java frames: (J=compiled Java code, j=interpreted, Vv=VM code)
j  com.rsi.idldt.core.ips.IPS_Access.IPS_Start([Ljava/lang/String;)V+0
j  com.rsi.idldt.core.ips.IPS_Manager$2.run()V+15
j  java.lang.Thread.run()V+11
v  ~StubRoutines::call_stub

---------------  P R O C E S S  ---------------

Java Threads: ( => current thread )
  0x0000000014d8b000 JavaThread "Thread-956" [_thread_in_native, id=13468, stack(0x0000000048b30000,0x0000000048c30000)]
  0x0000000014cda800 JavaThread "Worker-201" [_thread_blocked, id=2468, stack(0x000000003bd70000,0x000000003be70000)]
  0x0000000016d96800 JavaThread "Worker-200" [_thread_blocked, id=19304, stack(0x000000003bc70000,0x000000003bd70000)]
  0x0000000016d96000 JavaThread "Worker-199" [_thread_blocked, id=7748, stack(0x000000003bb70000,0x000000003bc70000)]
  0x00000000150e7000 JavaThread "Worker-198" [_thread_in_native, id=16616, stack(0x000000003ba70000,0x000000003bb70000)]
  0x00000000150ea000 JavaThread "Worker-197" [_thread_blocked, id=6968, stack(0x000000003b970000,0x000000003ba70000)]
  0x0000000016d95000 JavaThread "Worker-194" [_thread_blocked, id=18864, stack(0x0000000038b70000,0x0000000038c70000)]
  0x00000000155d9800 JavaThread "Worker-193" [_thread_blocked, id=12876, stack(0x0000000037570000,0x0000000037670000)]
  0x00000000155da000 JavaThread "Worker-192" [_thread_blocked, id=5956, stack(0x0000000037470000,0x0000000037570000)]
  0x00000000155d8000 JavaThread "Worker-191" [_thread_blocked, id=12664, stack(0x0000000036470000,0x0000000036570000)]
  0x00000000155d7000 JavaThread "Worker-190" [_thread_blocked, id=8848, stack(0x00000000334d0000,0x00000000335d0000)]
  0x0000000016d9a800 JavaThread "Worker-188" [_thread_blocked, id=4620, stack(0x0000000031980000,0x0000000031a80000)]
  0x00000000150e7800 JavaThread "Worker-182" [_thread_blocked, id=1940, stack(0x000000002d0e0000,0x000000002d1e0000)]
  0x00000000155e1000 JavaThread "[ThreadPool Manager] - Idle Thread" daemon [_thread_blocked, id=2100, stack(0x000000001e910000,0x000000001ea10000)]
  0x00000000155e4800 JavaThread "Timer-1" daemon [_thread_blocked, id=11020, stack(0x000000001d5a0000,0x000000001d6a0000)]
  0x00000000155e0000 JavaThread "Thread-16" [_thread_in_native, id=10732, stack(0x000000001d240000,0x000000001d340000)]
  0x00000000155e4000 JavaThread "IDLDT DOM Worker-7" [_thread_blocked, id=5676, stack(0x000000001cf40000,0x000000001d040000)]
  0x00000000155de800 JavaThread "IDLDT DOM Worker-6" [_thread_blocked, id=7752, stack(0x000000001ce40000,0x000000001cf40000)]
  0x00000000155e1800 JavaThread "IDLDT DOM Worker-5" [_thread_blocked, id=18888, stack(0x000000001cd40000,0x000000001ce40000)]
  0x00000000155df800 JavaThread "IDLDT DOM Worker-4" [_thread_blocked, id=12840, stack(0x000000001cc40000,0x000000001cd40000)]
  0x00000000155e3000 JavaThread "IDLDT DOM Worker-3" [_thread_blocked, id=5148, stack(0x000000001cb40000,0x000000001cc40000)]
  0x00000000155e2800 JavaThread "IDLDT DOM Worker-2" [_thread_blocked, id=19164, stack(0x000000001c960000,0x000000001ca60000)]
  0x00000000155d6800 JavaThread "IDLDT DOM Worker-1" [_thread_blocked, id=4840, stack(0x000000001c860000,0x000000001c960000)]
  0x00000000155dd000 JavaThread "IDLDT DOM Worker-0" [_thread_blocked, id=6260, stack(0x000000001c760000,0x000000001c860000)]
  0x00000000155dc800 JavaThread "Timer-0" daemon [_thread_blocked, id=2172, stack(0x000000001c660000,0x000000001c760000)]
=>0x00000000150e8800 JavaThread "IDL" [_thread_in_native, id=1996, stack(0x00000000184d0000,0x00000000185d0000)]
  0x0000000015682000 JavaThread "IDLToJava Broker" daemon [_thread_blocked, id=11032, stack(0x00000000183d0000,0x00000000184d0000)]
  0x0000000013c8a800 JavaThread "Provisioning Event Dispatcher" daemon [_thread_blocked, id=19084, stack(0x0000000014b50000,0x0000000014c50000)]
  0x0000000013b2f000 JavaThread "Bundle File Closer" daemon [_thread_blocked, id=7520, stack(0x0000000014950000,0x0000000014a50000)]
  0x0000000013aaa800 JavaThread "Worker-JM" [_thread_blocked, id=7284, stack(0x0000000014850000,0x0000000014950000)]
  0x0000000012e73000 JavaThread "[Timer] - Main Queue Handler" daemon [_thread_blocked, id=18224, stack(0x0000000014750000,0x0000000014850000)]
  0x0000000012ea7000 JavaThread "Framework Event Dispatcher" daemon [_thread_blocked, id=13952, stack(0x0000000014550000,0x0000000014650000)]
  0x0000000012ed1000 JavaThread "Start Level Event Dispatcher" daemon [_thread_blocked, id=17604, stack(0x0000000014450000,0x0000000014550000)]
  0x0000000012e95000 JavaThread "State Data Manager" daemon [_thread_blocked, id=18492, stack(0x0000000014350000,0x0000000014450000)]
  0x0000000012d87000 JavaThread "Framework Active Thread" [_thread_blocked, id=352, stack(0x0000000014250000,0x0000000014350000)]
  0x0000000010503800 JavaThread "Service Thread" daemon [_thread_blocked, id=4432, stack(0x0000000012920000,0x0000000012a20000)]
  0x0000000010502800 JavaThread "C2 CompilerThread1" daemon [_thread_blocked, id=15180, stack(0x0000000012820000,0x0000000012920000)]
  0x00000000104fd800 JavaThread "C2 CompilerThread0" daemon [_thread_blocked, id=18872, stack(0x0000000012720000,0x0000000012820000)]
  0x00000000104f5000 JavaThread "Attach Listener" daemon [_thread_blocked, id=18396, stack(0x0000000012620000,0x0000000012720000)]
  0x00000000104f0000 JavaThread "Signal Dispatcher" daemon [_thread_blocked, id=18472, stack(0x0000000012520000,0x0000000012620000)]
  0x0000000010491000 JavaThread "Finalizer" daemon [_thread_blocked, id=5948, stack(0x0000000012420000,0x0000000012520000)]
  0x000000001048a000 JavaThread "Reference Handler" daemon [_thread_blocked, id=13780, stack(0x0000000012320000,0x0000000012420000)]
  0x00000000043a0800 JavaThread "main" [_thread_in_native, id=4844, stack(0x0000000000050000,0x0000000000150000)]

Other Threads:
  0x0000000010485800 VMThread [stack: 0x0000000012220000,0x0000000012320000] [id=12240]
  0x000000001051c000 WatcherThread [stack: 0x0000000012a20000,0x0000000012b20000] [id=16628]

VM state:not at safepoint (normal execution)

VM Mutex/Monitor currently owned by a thread: None

Heap
 PSYoungGen      total 169152K, used 144146K [0x00000007c0000000, 0x00000007caaa0000, 0x0000000800000000)
  eden space 165760K, 84% used [0x00000007c0000000,0x00000007c8978a28,0x00000007ca1e0000)
  from space 3392K, 99% used [0x00000007ca1e0000,0x00000007ca52bfe0,0x00000007ca530000)
  to   space 4864K, 0% used [0x00000007ca5e0000,0x00000007ca5e0000,0x00000007caaa0000)
 ParOldGen       total 349568K, used 52148K [0x0000000740000000, 0x0000000755560000, 0x00000007c0000000)
  object space 349568K, 14% used [0x0000000740000000,0x00000007432ed008,0x0000000755560000)
 PSPermGen       total 59968K, used 59684K [0x000000073ae00000, 0x000000073e890000, 0x0000000740000000)
  object space 59968K, 99% used [0x000000073ae00000,0x000000073e8490c0,0x000000073e890000)

Card table byte_map: [0x0000000007590000,0x0000000007bc0000] byte_map_base: 0x0000000003bb9000

Polling page: 0x0000000002570000

Code Cache  [0x00000000044d0000, 0x0000000004f70000, 0x00000000074d0000)
 total_blobs=3295 nmethods=2604 adapters=639 free_code_cache=38420Kb largest_free_block=39231360

Compilation events (10 events):
Event: 16348.479 Thread 0x0000000010502800 2954             org.eclipse.jface.text.TextUtilities::startsWith (50 bytes)
Event: 16348.482 Thread 0x0000000010502800 nmethod 2954 0x0000000004ae8810 code [0x0000000004ae8960, 0x0000000004ae8b18]
Event: 16350.790 Thread 0x00000000104fd800 2955             org.eclipse.ui.internal.presentations.defaultpresentation.DefaultTabItem::escapeAmpersands (57 bytes)
Event: 16350.796 Thread 0x00000000104fd800 nmethod 2955 0x0000000004f3d5d0 code [0x0000000004f3d760, 0x0000000004f3da90]
Event: 16364.373 Thread 0x0000000010502800 2956             org.eclipse.jface.action.SubContributionItem::update (11 bytes)
Event: 16364.373 Thread 0x0000000010502800 nmethod 2956 0x0000000004ef1a10 code [0x0000000004ef1b60, 0x0000000004ef1bf8]
Event: 16365.805 Thread 0x00000000104fd800 2957             com.rsi.idldt.console.IDLConsoleLineTracker::getLine (139 bytes)
Event: 16365.816 Thread 0x00000000104fd800 nmethod 2957 0x0000000004eebd90 code [0x0000000004eebf20, 0x0000000004eec480]
Event: 16396.489 Thread 0x0000000010502800 2958             org.eclipse.ui.internal.activities.ProxyActivityManager::getIdentifier (11 bytes)
Event: 16396.490 Thread 0x0000000010502800 nmethod 2958 0x0000000004f3d2d0 code [0x0000000004f3d420, 0x0000000004f3d4e8]

GC Heap History (10 events):
Event: 16355.724 GC heap before
{Heap before GC invocations=707 (full 255):
 PSYoungGen      total 169280K, used 163191K [0x00000007c0000000, 0x00000007caaa0000, 0x0000000800000000)
  eden space 164096K, 99% used [0x00000007c0000000,0x00000007c9ecded8,0x00000007ca040000)
  from space 5184K, 11% used [0x00000007ca040000,0x00000007ca0d0000,0x00000007ca550000)
  to   space 4992K, 0% used [0x00000007ca5c0000,0x00000007ca5c0000,0x00000007caaa0000)
 ParOldGen       total 349568K, used 51581K [0x0000000740000000, 0x0000000755560000, 0x00000007c0000000)
  object space 349568K, 14% used [0x0000000740000000,0x000000074325f778,0x0000000755560000)
 PSPermGen       total 59968K, used 59671K [0x000000073ae00000, 0x000000073e890000, 0x0000000740000000)
  object space 59968K, 99% used [0x000000073ae00000,0x000000073e845cf8,0x000000073e890000)
Event: 16355.727 GC heap after
Heap after GC invocations=707 (full 255):
 PSYoungGen      total 169920K, used 416K [0x00000007c0000000, 0x00000007caaa0000, 0x0000000800000000)
  eden space 164928K, 0% used [0x00000007c0000000,0x00000007c0000000,0x00000007ca110000)
  from space 4992K, 8% used [0x00000007ca5c0000,0x00000007ca628000,0x00000007caaa0000)
  to   space 4800K, 0% used [0x00000007ca110000,0x00000007ca110000,0x00000007ca5c0000)
 ParOldGen       total 349568K, used 51821K [0x0000000740000000, 0x0000000755560000, 0x00000007c0000000)
  object space 349568K, 14% used [0x0000000740000000,0x000000074329b778,0x0000000755560000)
 PSPermGen       total 59968K, used 59671K [0x000000073ae00000, 0x000000073e890000, 0x0000000740000000)
  object space 59968K, 99% used [0x000000073ae00000,0x000000073e845cf8,0x000000073e890000)
}
Event: 16355.727 GC heap before
{Heap before GC invocations=708 (full 256):
 PSYoungGen      total 169920K, used 416K [0x00000007c0000000, 0x00000007caaa0000, 0x0000000800000000)
  eden space 164928K, 0% used [0x00000007c0000000,0x00000007c0000000,0x00000007ca110000)
  from space 4992K, 8% used [0x00000007ca5c0000,0x00000007ca628000,0x00000007caaa0000)
  to   space 4800K, 0% used [0x00000007ca110000,0x00000007ca110000,0x00000007ca5c0000)
 ParOldGen       total 349568K, used 51821K [0x0000000740000000, 0x0000000755560000, 0x00000007c0000000)
  object space 349568K, 14% used [0x0000000740000000,0x000000074329b778,0x0000000755560000)
 PSPermGen       total 59968K, used 59671K [0x000000073ae00000, 0x000000073e890000, 0x0000000740000000)
  object space 59968K, 99% used [0x000000073ae00000,0x000000073e845cf8,0x000000073e890000)
Event: 16355.834 GC heap after
Heap after GC invocations=708 (full 256):
 PSYoungGen      total 169920K, used 0K [0x00000007c0000000, 0x00000007caaa0000, 0x0000000800000000)
  eden space 164928K, 0% used [0x00000007c0000000,0x00000007c0000000,0x00000007ca110000)
  from space 4992K, 0% used [0x00000007ca5c0000,0x00000007ca5c0000,0x00000007caaa0000)
  to   space 4800K, 0% used [0x00000007ca110000,0x00000007ca110000,0x00000007ca5c0000)
 ParOldGen       total 349568K, used 51522K [0x0000000740000000, 0x0000000755560000, 0x00000007c0000000)
  object space 349568K, 14% used [0x0000000740000000,0x00000007432509e8,0x0000000755560000)
 PSPermGen       total 59968K, used 59670K [0x000000073ae00000, 0x000000073e890000, 0x0000000740000000)
  object space 59968K, 99% used [0x000000073ae00000,0x000000073e845af8,0x000000073e890000)
}
Event: 16365.916 GC heap before
{Heap before GC invocations=709 (full 256):
 PSYoungGen      total 169920K, used 164928K [0x00000007c0000000, 0x00000007caaa0000, 0x0000000800000000)
  eden space 164928K, 100% used [0x00000007c0000000,0x00000007ca110000,0x00000007ca110000)
  from space 4992K, 0% used [0x00000007ca5c0000,0x00000007ca5c0000,0x00000007caaa0000)
  to   space 4800K, 0% used [0x00000007ca110000,0x00000007ca110000,0x00000007ca5c0000)
 ParOldGen       total 349568K, used 51522K [0x0000000740000000, 0x0000000755560000, 0x00000007c0000000)
  object space 349568K, 14% used [0x0000000740000000,0x00000007432509e8,0x0000000755560000)
 PSPermGen       total 59968K, used 59677K [0x000000073ae00000, 0x000000073e890000, 0x0000000740000000)
  object space 59968K, 99% used [0x000000073ae00000,0x000000073e8474d0,0x000000073e890000)
Event: 16365.919 GC heap after
Heap after GC invocations=709 (full 256):
 PSYoungGen      total 169728K, used 706K [0x00000007c0000000, 0x00000007caaa0000, 0x0000000800000000)
  eden space 164928K, 0% used [0x00000007c0000000,0x00000007c0000000,0x00000007ca110000)
  from space 4800K, 14% used [0x00000007ca110000,0x00000007ca1c0ae0,0x00000007ca5c0000)
  to   space 4608K, 0% used [0x00000007ca620000,0x00000007ca620000,0x00000007caaa0000)
 ParOldGen       total 349568K, used 51522K [0x0000000740000000, 0x0000000755560000, 0x00000007c0000000)
  object space 349568K, 14% used [0x0000000740000000,0x00000007432509e8,0x0000000755560000)
 PSPermGen       total 59968K, used 59677K [0x000000073ae00000, 0x000000073e890000, 0x0000000740000000)
  object space 59968K, 99% used [0x000000073ae00000,0x000000073e8474d0,0x000000073e890000)
}
Event: 16374.627 GC heap before
{Heap before GC invocations=710 (full 256):
 PSYoungGen      total 169728K, used 165634K [0x00000007c0000000, 0x00000007caaa0000, 0x0000000800000000)
  eden space 164928K, 100% used [0x00000007c0000000,0x00000007ca110000,0x00000007ca110000)
  from space 4800K, 14% used [0x00000007ca110000,0x00000007ca1c0ae0,0x00000007ca5c0000)
  to   space 4608K, 0% used [0x00000007ca620000,0x00000007ca620000,0x00000007caaa0000)
 ParOldGen       total 349568K, used 51522K [0x0000000740000000, 0x0000000755560000, 0x00000007c0000000)
  object space 349568K, 14% used [0x0000000740000000,0x00000007432509e8,0x0000000755560000)
 PSPermGen       total 59968K, used 59678K [0x000000073ae00000, 0x000000073e890000, 0x0000000740000000)
  object space 59968K, 99% used [0x000000073ae00000,0x000000073e8479e0,0x000000073e890000)
Event: 16374.630 GC heap after
Heap after GC invocations=710 (full 256):
 PSYoungGen      total 170368K, used 664K [0x00000007c0000000, 0x00000007caaa0000, 0x0000000800000000)
  eden space 165760K, 0% used [0x00000007c0000000,0x00000007c0000000,0x00000007ca1e0000)
  from space 4608K, 14% used [0x00000007ca620000,0x00000007ca6c60f0,0x00000007caaa0000)
  to   space 4352K, 0% used [0x00000007ca1e0000,0x00000007ca1e0000,0x00000007ca620000)
 ParOldGen       total 349568K, used 51981K [0x0000000740000000, 0x0000000755560000, 0x00000007c0000000)
  object space 349568K, 14% used [0x0000000740000000,0x00000007432c34c8,0x0000000755560000)
 PSPermGen       total 59968K, used 59678K [0x000000073ae00000, 0x000000073e890000, 0x0000000740000000)
  object space 59968K, 99% used [0x000000073ae00000,0x000000073e8479e0,0x000000073e890000)
}
Event: 16393.543 GC heap before
{Heap before GC invocations=711 (full 256):
 PSYoungGen      total 170368K, used 166424K [0x00000007c0000000, 0x00000007caaa0000, 0x0000000800000000)
  eden space 165760K, 100% used [0x00000007c0000000,0x00000007ca1e0000,0x00000007ca1e0000)
  from space 4608K, 14% used [0x00000007ca620000,0x00000007ca6c60f0,0x00000007caaa0000)
  to   space 4352K, 0% used [0x00000007ca1e0000,0x00000007ca1e0000,0x00000007ca620000)
 ParOldGen       total 349568K, used 51981K [0x0000000740000000, 0x0000000755560000, 0x00000007c0000000)
  object space 349568K, 14% used [0x0000000740000000,0x00000007432c34c8,0x0000000755560000)
 PSPermGen       total 59968K, used 59679K [0x000000073ae00000, 0x000000073e890000, 0x0000000740000000)
  object space 59968K, 99% used [0x000000073ae00000,0x000000073e847c78,0x000000073e890000)
Event: 16393.623 GC heap after
Heap after GC invocations=711 (full 256):
 PSYoungGen      total 169152K, used 3375K [0x00000007c0000000, 0x00000007caaa0000, 0x0000000800000000)
  eden space 165760K, 0% used [0x00000007c0000000,0x00000007c0000000,0x00000007ca1e0000)
  from space 3392K, 99% used [0x00000007ca1e0000,0x00000007ca52bfe0,0x00000007ca530000)
  to   space 4864K, 0% used [0x00000007ca5e0000,0x00000007ca5e0000,0x00000007caaa0000)
 ParOldGen       total 349568K, used 52148K [0x0000000740000000, 0x0000000755560000, 0x00000007c0000000)
  object space 349568K, 14% used [0x0000000740000000,0x00000007432ed008,0x0000000755560000)
 PSPermGen       total 59968K, used 59679K [0x000000073ae00000, 0x000000073e890000, 0x0000000740000000)
  object space 59968K, 99% used [0x000000073ae00000,0x000000073e847c78,0x000000073e890000)
}

Deoptimization events (10 events):
Event: 10827.175 Thread 0x00000000155d9800 Uncommon trap -58 fr.pc 0x0000000004ac6f08
Event: 10827.175 Thread 0x00000000155d9800 Uncommon trap -58 fr.pc 0x0000000004ac6f08
Event: 10827.176 Thread 0x00000000155d9800 Uncommon trap -58 fr.pc 0x0000000004ac6f08
Event: 10827.177 Thread 0x00000000155d9800 Uncommon trap -58 fr.pc 0x0000000004ac6f08
Event: 11778.402 Thread 0x00000000150e7000 Uncommon trap -122 fr.pc 0x0000000004da8998
Event: 12881.568 Thread 0x00000000155d7000 Uncommon trap -12 fr.pc 0x0000000004f399f8
Event: 16164.805 Thread 0x00000000043a0800 Uncommon trap -34 fr.pc 0x0000000004dafbd0
Event: 16166.505 Thread 0x00000000043a0800 Uncommon trap -12 fr.pc 0x0000000004e8a29c
Event: 16394.319 Thread 0x00000000043a0800 Uncommon trap -83 fr.pc 0x0000000004a5e604
Event: 16396.164 Thread 0x0000000016d95000 Uncommon trap -12 fr.pc 0x0000000004cb0108

Internal exceptions (10 events):
Event: 16394.916 Thread 0x00000000043a0800 Threw 0x00000007c0fc5320 at C:\jdk7u2_64p\jdk7u25\hotspot\src\share\vm\prims\jni.cpp:716
Event: 16394.916 Thread 0x00000000043a0800 Threw 0x00000007c0fc5e48 at C:\jdk7u2_64p\jdk7u25\hotspot\src\share\vm\prims\jni.cpp:716
Event: 16394.920 Thread 0x00000000043a0800 Threw 0x00000007c1002e28 at C:\jdk7u2_64p\jdk7u25\hotspot\src\share\vm\prims\jni.cpp:716
Event: 16394.920 Thread 0x00000000043a0800 Threw 0x00000007c1003910 at C:\jdk7u2_64p\jdk7u25\hotspot\src\share\vm\prims\jni.cpp:716
Event: 16394.920 Thread 0x00000000043a0800 Threw 0x00000007c1023eb8 at C:\jdk7u2_64p\jdk7u25\hotspot\src\share\vm\prims\jni.cpp:716
Event: 16394.920 Thread 0x00000000043a0800 Threw 0x00000007c1024a60 at C:\jdk7u2_64p\jdk7u25\hotspot\src\share\vm\prims\jni.cpp:716
Event: 16394.923 Thread 0x00000000043a0800 Threw 0x00000007c103c2d8 at C:\jdk7u2_64p\jdk7u25\hotspot\src\share\vm\prims\jni.cpp:716
Event: 16394.923 Thread 0x00000000043a0800 Threw 0x00000007c103ced8 at C:\jdk7u2_64p\jdk7u25\hotspot\src\share\vm\prims\jni.cpp:716
Event: 16394.923 Thread 0x00000000043a0800 Threw 0x00000007c103dc00 at C:\jdk7u2_64p\jdk7u25\hotspot\src\share\vm\prims\jni.cpp:716
Event: 16396.164 Thread 0x0000000016d95000 Implicit null exception at 0x0000000004caf1a4 to 0x0000000004cb00f9

Events (10 events):
Event: 16396.525 Thread 0x0000000015b81800 Thread added: 0x0000000015b81800
Event: 16396.525 Thread 0x0000000015b81800 Thread exited: 0x0000000015b81800
Event: 16396.525 Executing VM operation: RevokeBias
Event: 16396.525 Executing VM operation: RevokeBias done
Event: 16396.533 Thread 0x0000000015b7d800 Thread added: 0x0000000015b7d800
Event: 16396.534 Thread 0x0000000015b7d800 Thread exited: 0x0000000015b7d800
Event: 16396.535 Thread 0x0000000015b83000 Thread added: 0x0000000015b83000
Event: 16396.536 Thread 0x0000000015b83000 Thread exited: 0x0000000015b83000
Event: 16396.642 Executing VM operation: RevokeBias
Event: 16396.642 Executing VM operation: RevokeBias done


Dynamic libraries:
0x0000000000400000 - 0x000000000040e000 	C:\Program Files\Exelis\IDL85\bin\bin.x86_64\idlde.exe
0x00007fff39f40000 - 0x00007fff3a120000 	C:\WINDOWS\SYSTEM32\ntdll.dll
0x00007fff15660000 - 0x00007fff15694000 	C:\Program Files\AVAST Software\Avast\x64\aswhooka.dll
0x00007fff38000000 - 0x00007fff380ae000 	C:\WINDOWS\System32\KERNEL32.DLL
0x00007fff36530000 - 0x00007fff36796000 	C:\WINDOWS\System32\KERNELBASE.dll
0x00007fff34590000 - 0x00007fff34618000 	C:\WINDOWS\SYSTEM32\apphelp.dll
0x00007fff141f0000 - 0x00007fff14247000 	C:\WINDOWS\SYSTEM32\AcGenral.DLL
0x00007fff389f0000 - 0x00007fff38a8d000 	C:\WINDOWS\System32\msvcrt.dll
0x00007fff38740000 - 0x00007fff3879b000 	C:\WINDOWS\System32\sechost.dll
0x00007fff38620000 - 0x00007fff3873f000 	C:\WINDOWS\System32\RPCRT4.dll
0x00007fff37410000 - 0x00007fff37461000 	C:\WINDOWS\System32\SHLWAPI.dll
0x00007fff37610000 - 0x00007fff37918000 	C:\WINDOWS\System32\combase.dll
0x00007fff371f0000 - 0x00007fff372e6000 	C:\WINDOWS\System32\ucrtbase.dll
0x00007fff372f0000 - 0x00007fff37362000 	C:\WINDOWS\System32\bcryptPrimitives.dll
0x00007fff387a0000 - 0x00007fff387c8000 	C:\WINDOWS\System32\GDI32.dll
0x00007fff36340000 - 0x00007fff364d3000 	C:\WINDOWS\System32\gdi32full.dll
0x00007fff37370000 - 0x00007fff3740b000 	C:\WINDOWS\System32\msvcp_win.dll
0x00007fff387d0000 - 0x00007fff3895f000 	C:\WINDOWS\System32\USER32.dll
0x00007fff36ef0000 - 0x00007fff36f10000 	C:\WINDOWS\System32\win32u.dll
0x00007fff384d0000 - 0x00007fff38619000 	C:\WINDOWS\System32\ole32.dll
0x00007fff38ad0000 - 0x00007fff39f06000 	C:\WINDOWS\System32\SHELL32.dll
0x00007fff364e0000 - 0x00007fff3652a000 	C:\WINDOWS\System32\cfgmgr32.dll
0x00007fff38250000 - 0x00007fff382f6000 	C:\WINDOWS\System32\shcore.dll
0x00007fff367a0000 - 0x00007fff36ee7000 	C:\WINDOWS\System32\windows.storage.dll
0x00007fff37920000 - 0x00007fff379c1000 	C:\WINDOWS\System32\advapi32.dll
0x00007fff36290000 - 0x00007fff362a1000 	C:\WINDOWS\System32\kernel.appcore.dll
0x00007fff362f0000 - 0x00007fff3633c000 	C:\WINDOWS\System32\powrprof.dll
0x00007fff362d0000 - 0x00007fff362eb000 	C:\WINDOWS\System32\profapi.dll
0x00007fff36190000 - 0x00007fff361c0000 	C:\WINDOWS\SYSTEM32\SspiCli.dll
0x00007fff361c0000 - 0x00007fff361e9000 	C:\WINDOWS\SYSTEM32\USERENV.dll
0x00007fff2da90000 - 0x00007fff2daab000 	C:\WINDOWS\SYSTEM32\MPR.dll
0x00007fff38a90000 - 0x00007fff38abd000 	C:\WINDOWS\System32\IMM32.DLL
0x00007fff21770000 - 0x00007fff219d9000 	C:\WINDOWS\WinSxS\amd64_microsoft.windows.common-controls_6595b64144ccf1df_6.0.16299.371_none_15c7d1789365a290\COMCTL32.dll
0x0000000072000000 - 0x0000000072012000 	C:\Program Files\Exelis\IDL85\bin\bin.x86_64\plugins\org.eclipse.equinox.launcher.win32.win32.x86_64_1.1.100.v20110502\eclipse_1406.dll
0x00007fff2ccc0000 - 0x00007fff2ccca000 	C:\WINDOWS\SYSTEM32\VERSION.dll
0x0000000053750000 - 0x0000000053e5f000 	C:\Program Files\Exelis\IDL85\bin\bin.x86_64\jre\bin\server\jvm.dll
0x00007fff37490000 - 0x00007fff37498000 	C:\WINDOWS\System32\PSAPI.DLL
0x00007fff2ed30000 - 0x00007fff2ed39000 	C:\WINDOWS\SYSTEM32\WSOCK32.dll
0x00007fff37b40000 - 0x00007fff37bac000 	C:\WINDOWS\System32\WS2_32.dll
0x00007fff1d140000 - 0x00007fff1d163000 	C:\WINDOWS\SYSTEM32\WINMM.dll
0x0000000053670000 - 0x0000000053742000 	C:\WINDOWS\SYSTEM32\MSVCR100.dll
0x00007fff1d190000 - 0x00007fff1d1ba000 	C:\WINDOWS\SYSTEM32\WINMMBASE.dll
0x0000000054ad0000 - 0x0000000054adf000 	C:\Program Files\Exelis\IDL85\bin\bin.x86_64\jre\bin\verify.dll
0x0000000054aa0000 - 0x0000000054ac8000 	C:\Program Files\Exelis\IDL85\bin\bin.x86_64\jre\bin\java.dll
0x0000000054a80000 - 0x0000000054a95000 	C:\Program Files\Exelis\IDL85\bin\bin.x86_64\jre\bin\zip.dll
0x00007fff35ce0000 - 0x00007fff35cf7000 	C:\WINDOWS\SYSTEM32\CRYPTSP.dll
0x00007fff356c0000 - 0x00007fff356f3000 	C:\WINDOWS\system32\rsaenh.dll
0x00007fff35df0000 - 0x00007fff35e15000 	C:\WINDOWS\SYSTEM32\bcrypt.dll
0x00007fff35d00000 - 0x00007fff35d0b000 	C:\WINDOWS\SYSTEM32\CRYPTBASE.dll
0x0000000054a60000 - 0x0000000054a79000 	C:\Program Files\Exelis\IDL85\bin\bin.x86_64\jre\bin\net.dll
0x00007fff35b20000 - 0x00007fff35b86000 	C:\WINDOWS\system32\mswsock.dll
0x00007fff33f10000 - 0x00007fff33f26000 	C:\WINDOWS\system32\napinsp.dll
0x00007fff32030000 - 0x00007fff3204a000 	C:\WINDOWS\system32\pnrpnsp.dll
0x00007fff324a0000 - 0x00007fff324b8000 	C:\WINDOWS\system32\NLAapi.dll
0x00007fff358a0000 - 0x00007fff35956000 	C:\WINDOWS\SYSTEM32\DNSAPI.dll
0x00007fff38ac0000 - 0x00007fff38ac8000 	C:\WINDOWS\System32\NSI.dll
0x00007fff35850000 - 0x00007fff35889000 	C:\WINDOWS\SYSTEM32\IPHLPAPI.DLL
0x00007fff33f30000 - 0x00007fff33f3e000 	C:\WINDOWS\System32\winrnr.dll
0x00007fff313a0000 - 0x00007fff313aa000 	C:\Windows\System32\rasadhlp.dll
0x00007fff337f0000 - 0x00007fff33860000 	C:\WINDOWS\System32\fwpuclnt.dll
0x0000000053f90000 - 0x0000000053fa1000 	C:\Program Files\Exelis\IDL85\bin\bin.x86_64\jre\bin\nio.dll
0x00007fff34890000 - 0x00007fff34925000 	C:\WINDOWS\system32\uxtheme.dll
0x00007fff379d0000 - 0x00007fff37b37000 	C:\WINDOWS\System32\MSCTF.dll
0x00007fff38360000 - 0x00007fff38425000 	C:\WINDOWS\System32\OLEAUT32.dll
0x00007fff1cad0000 - 0x00007fff1cb68000 	C:\WINDOWS\System32\TextInputFramework.dll
0x00007fff25c80000 - 0x00007fff25f6e000 	C:\WINDOWS\System32\CoreUIComponents.dll
0x00007fff323c0000 - 0x00007fff3249c000 	C:\WINDOWS\System32\CoreMessaging.dll
0x00007fff35210000 - 0x00007fff35241000 	C:\WINDOWS\SYSTEM32\ntmarta.dll
0x00007fff311d0000 - 0x00007fff31306000 	C:\WINDOWS\SYSTEM32\wintypes.dll
0x00007fff34a10000 - 0x00007fff34a3a000 	C:\WINDOWS\system32\dwmapi.dll
0x0000000014650000 - 0x00000000146f7000 	C:\Users\MSomrak\.idl\idlworkbench-config-idl8.5_x86_64\org.eclipse.osgi\bundles\532\1\.cp\swt-win32-3740.dll
0x00007fff37500000 - 0x00007fff3760a000 	C:\WINDOWS\System32\comdlg32.dll
0x00007fff37020000 - 0x00007fff371ee000 	C:\WINDOWS\System32\CRYPT32.dll
0x00007fff362b0000 - 0x00007fff362c2000 	C:\WINDOWS\System32\MSASN1.dll
0x00007fff1e0b0000 - 0x00007fff1e136000 	C:\WINDOWS\SYSTEM32\WINSPOOL.DRV
0x00007fff15af0000 - 0x00007fff15b09000 	C:\WINDOWS\SYSTEM32\USP10.dll
0x00007fff18e80000 - 0x00007fff191b4000 	C:\WINDOWS\SYSTEM32\WININET.dll
0x00007fff328d0000 - 0x00007fff32a81000 	C:\WINDOWS\SYSTEM32\propsys.dll
0x00007fff38430000 - 0x00007fff384ce000 	C:\WINDOWS\System32\clbcatq.dll
0x0000000015cb0000 - 0x0000000015cce000 	C:\Users\MSomrak\.idl\idlworkbench-config-idl8.5_x86_64\org.eclipse.osgi\bundles\532\1\.cp\swt-gdip-win32-3740.dll
0x00007fff1d5f0000 - 0x00007fff1d78c000 	C:\WINDOWS\WinSxS\amd64_microsoft.windows.gdiplus_6595b64144ccf1df_1.1.16299.371_none_46b2c45dedf81c5e\gdiplus.dll
0x00007fff1c920000 - 0x00007fff1cacb000 	C:\WINDOWS\SYSTEM32\WindowsCodecs.dll
0x0000000180000000 - 0x0000000180011000 	C:\Users\MSomrak\.idl\idlworkbench-config-idl8.5_x86_64\org.eclipse.osgi\bundles\184\1\.cp\os\win32\x86_64\localfile_1_0_0.dll
0x00007fff14180000 - 0x00007fff141cd000 	C:\Program Files\Exelis\IDL85\bin\bin.x86_64\idl_ips.dll
0x00007fff05950000 - 0x00007fff0671d000 	C:\Program Files\Exelis\IDL85\bin\bin.x86_64\idl.dll
0x00007fff14150000 - 0x00007fff14173000 	C:\Program Files\Exelis\IDL85\bin\bin.x86_64\UG3220.dll
0x00007fff140f0000 - 0x00007fff1414c000 	C:\Program Files\Exelis\IDL85\bin\bin.x86_64\MesaGLU6_2.dll
0x00007fff0a100000 - 0x00007fff0a28e000 	C:\Program Files\Exelis\IDL85\bin\bin.x86_64\MesaGL6_2.dll
0x00007fff2a030000 - 0x00007fff2a03c000 	C:\Program Files\Exelis\IDL85\bin\bin.x86_64\osmesa6_2.dll
0x00007fff2a170000 - 0x00007fff2a187000 	C:\WINDOWS\SYSTEM32\NETAPI32.dll
0x00007fff12200000 - 0x00007fff1227c000 	C:\Program Files\Exelis\IDL85\bin\bin.x86_64\freetype2_4_7.dll
0x00007fff1d130000 - 0x00007fff1d137000 	C:\WINDOWS\SYSTEM32\MSIMG32.dll
0x00007fff337c0000 - 0x00007fff337d6000 	C:\WINDOWS\SYSTEM32\dhcpcsvc6.DLL
0x00007fff33210000 - 0x00007fff3322a000 	C:\WINDOWS\SYSTEM32\dhcpcsvc.DLL
0x00000000190d0000 - 0x00000000193e9000 	C:\WINDOWS\system32\spool\DRIVERS\x64\3\KMUU60RQ.DLL
0x00007fff2a570000 - 0x00007fff2a66b000 	C:\WINDOWS\SYSTEM32\ClusApi.dll
0x00000000194f0000 - 0x0000000019937000 	C:\WINDOWS\system32\spool\drivers\x64\3\KMFs60RQ.dll
0x00007fff37bb0000 - 0x00007fff37ffe000 	C:\WINDOWS\System32\SETUPAPI.dll
0x00007fff35890000 - 0x00007fff3589e000 	C:\WINDOWS\SYSTEM32\NETUTILS.DLL
0x0000000019940000 - 0x0000000019a19000 	C:\WINDOWS\system32\spool\drivers\x64\3\KMPE60RQ.dll
0x0000000019b40000 - 0x0000000019c52000 	C:\WINDOWS\system32\spool\drivers\x64\3\KMWM60RQ.dll
0x0000000019c60000 - 0x0000000019db4000 	C:\WINDOWS\system32\spool\drivers\x64\3\KMPF60RQ.dll
0x0000000019f30000 - 0x000000001a049000 	C:\WINDOWS\system32\spool\drivers\x64\3\KMPO60RQ.dll
0x000000001a050000 - 0x000000001a126000 	C:\WINDOWS\system32\spool\drivers\x64\3\KMXL60RQ.dll
0x000000001a130000 - 0x000000001a1f9000 	C:\WINDOWS\system32\spool\drivers\x64\3\KM5E60RQ.dll
0x000000001a370000 - 0x000000001a4fa000 	C:\WINDOWS\system32\spool\drivers\x64\3\KMPS60RQ.dll
0x000000001a210000 - 0x000000001a35e000 	C:\WINDOWS\system32\spool\drivers\x64\3\KMRF60RQ.dll
0x000000001a6e0000 - 0x000000001a9ce000 	C:\WINDOWS\system32\spool\DRIVERS\x64\3\KMUC60RQ.DLL
0x00007fff0e700000 - 0x00007fff0e81e000 	C:\WINDOWS\SYSTEM32\OpenGL32.DLL
0x00007fff140c0000 - 0x00007fff140ec000 	C:\WINDOWS\SYSTEM32\GLU32.dll
0x00007fff14080000 - 0x00007fff140be000 	C:\Program Files\Exelis\IDL85\bin\bin.x86_64\gl_driver.dll
0x0000000019f10000 - 0x0000000019f13000 	C:\WINDOWS\SYSTEM32\icmp.Dll
0x00007fff2e270000 - 0x00007fff2e2de000 	C:\WINDOWS\SYSTEM32\oleacc.dll
0x00007fff0db30000 - 0x00007fff0dfc3000 	C:\WINDOWS\system32\explorerframe.dll
0x00007fff0dfd0000 - 0x00007fff0e01f000 	C:\WINDOWS\system32\dataexchange.dll
0x00007fff318f0000 - 0x00007fff31bd2000 	C:\WINDOWS\system32\d3d11.dll
0x00007fff33670000 - 0x00007fff337b2000 	C:\WINDOWS\system32\dcomp.dll
0x00007fff34f40000 - 0x00007fff34fef000 	C:\WINDOWS\system32\dxgi.dll
0x00007fff34a40000 - 0x00007fff34bbb000 	C:\WINDOWS\system32\twinapi.appcore.dll
0x00007fff34950000 - 0x00007fff34970000 	C:\WINDOWS\system32\RMCLIENT.dll
0x00007fff0f320000 - 0x00007fff0f35f000 	C:\WINDOWS\system32\mlang.dll
0x00007fff13940000 - 0x00007fff13951000 	C:\Users\MSomrak\.idl\idlworkbench-config-idl8.5_x86_64\org.eclipse.osgi\bundles\209\1\.cp\jWinHttp-1.0.0.dll
0x00007fff330d0000 - 0x00007fff331ae000 	C:\WINDOWS\SYSTEM32\WINHTTP.dll
0x00007fff0da00000 - 0x00007fff0da5b000 	C:\Windows\System32\thumbcache.dll
0x00007fff317a0000 - 0x00007fff3181a000 	C:\WINDOWS\SYSTEM32\policymanager.dll
0x00007fff33e50000 - 0x00007fff33ee0000 	C:\WINDOWS\SYSTEM32\msvcp110_win.dll
0x00007fff04020000 - 0x00007fff0406a000 	C:\Windows\System32\dlnashext.dll
0x00007fff0f840000 - 0x00007fff0f85f000 	C:\Windows\System32\DevDispItemProvider.dll

VM Arguments:
jvm_args: -Dosgi.instance.area.default=@user.home/IDLWorkspace85 -Dosgi.configuration.area=@user.home/.idl/idlworkbench-config-idl8.5_x86_64 -Dosgi.configuration.cascaded=true -Dosgi.checkConfiguration=true -Dosgi.sharedConfiguration.area.readOnly=true -Dorg.eclipse.update.reconcile=false -Declipse.p2.data.area=@config.dir/p2 -Dosgi.sharedConfiguration.area=C:\Program Files\Exelis\IDL85\bin\bin.x86_64/configuration -Xms512m -Xmx3072m 
java_command: <unknown>
Launcher Type: generic

Environment Variables:
JAVA_HOME=C:\Program Files\Java\jdk1.8.0_162
JRE_HOME=C:\Program Files\Java\jdk1.8.0_162\jre
CLASSPATH=.;C:\Program Files\Java\jdk1.8.0_162\lib;C:\Program Files\Java\jdk1.8.0_162\jre\li
PATH=C:/Program Files/Exelis/IDL85/bin/bin.x86_64/jre/bin/server;C:/Program Files/Exelis/IDL85/bin/bin.x86_64/jre/bin;C:/Program Files/Exelis/IDL85/bin/bin.x86_64/jre/lib/amd64;C:\Program Files\Exelis\IDL85\bin\bin.x86_64\;C:\WINDOWS\system32;C:\WINDOWS;C:\WINDOWS\System32\Wbem;C:\WINDOWS\System32\WindowsPowerShell\v1.0\;C:\Program Files (x86)\gnuplot\bin;C:\Program Files\GDAL;C:\Program Files (x86)\GDAL;C:\OSGeo4W64\bin;C:\OSGeo4W64\apps\qgis\bin;C:\OSGeo4W64\apps\grass\grass-7.2.1\bin;C:\Python27;C:\Program Files\Java\jdk1.8.0_162\bin;C:\Program Files\Calibre2\;C:\Users\MSomrak\Downloads\MRT_download_Win\MRT\bin;c:\Programs\MODIS\bin;C:\Program Files\GDAL;C:\Users\MSomrak\AppData\Local\Continuum\Anaconda3;C:\Users\MSomrak\AppData\Local\Continuum\Anaconda3\Scripts;C:\Users\MSomrak\AppData\Local\Continuum\Anaconda3\Library\bin;USERPROFILE\AppData\Local\Microsoft\WindowsApps;C:\Program Files\snap\bin;C:\Program Files (x86)\ArcGIS\Desktop10.4\bin64;C:\Program Files (x86)\ArcGIS\Desktop10.4\arcpy;C:\Users\MSomrak;;C:\Program Files\Exelis\IDL85\bin\bin.x86_64;
USERNAME=MSomrak
OS=Windows_NT
PROCESSOR_IDENTIFIER=Intel64 Family 6 Model 30 Stepping 5, GenuineIntel



---------------  S Y S T E M  ---------------

OS: Windows 8 , 64 bit Build 9200 

CPU:total 8 (4 cores per cpu, 2 threads per core) family 6 model 30 stepping 5, cmov, cx8, fxsr, mmx, sse, sse2, sse3, ssse3, sse4.1, sse4.2, popcnt, ht, tsc, tscinvbit

Memory: 4k page, physical 20929652k(4548160k free), swap 36965472k(3163940k free)

vm_info: Java HotSpot(TM) 64-Bit Server VM (23.25-b01) for windows-amd64 JRE (1.7.0_25-b17), built on Jun 21 2013 12:58:32 by "java_re" with unknown MS VC++:1600

time: Tue Apr 17 14:04:51 2018
elapsed time: 16396 seconds

