#
# A fatal error has been detected by the Java Runtime Environment:
#
#  EXCEPTION_ACCESS_VIOLATION (0xc0000005) at pc=0x0000000053018ad2, pid=18540, tid=19260
#
# JRE version: 7.0_25-b17
# Java VM: Java HotSpot(TM) 64-Bit Server VM (23.25-b01 mixed mode windows-amd64 compressed oops)
# Problematic frame:
# C  [MSVCR100.dll+0x78ad2]  longjmp+0x12
#
# Failed to write core dump. Minidumps are not enabled by default on client versions of Windows
#
# If you would like to submit a bug report, please visit:
#   http://bugreport.sun.com/bugreport/crash.jsp
# The crash happened outside the Java Virtual Machine in native code.
# See problematic frame for where to report the bug.
#

---------------  T H R E A D  ---------------

Current thread (0x000000001392d800):  JavaThread "IDL" [_thread_in_native, id=19260, stack(0x0000000016070000,0x0000000016170000)]

siginfo: ExceptionCode=0xc0000005, reading address 0x0000000000000000

Registers:
RAX=0x0000000000000001, RBX=0x00000000184bdeb8, RCX=0x0000000000000000, RDX=0x0000000000000002
RSP=0x000000001616dcc0, RBP=0x0000000000000003, RSI=0x000000001616ecb0, RDI=0x00007ff8f97aeb10
R8 =0x0000000000000007, R9 =0x0000000000000000, R10=0x0000000000000000, R11=0x00007ff8f97ad6e0
R12=0x4152524441525244, R13=0x000000001616eec0, R14=0x0000000000000000, R15=0x0000000000000000
RIP=0x0000000053018ad2, EFLAGS=0x0000000000010246

Top of Stack: (sp=0x000000001616dcc0)
0x000000001616dcc0:   2f7370616d2f6563 6f632f6570616873
0x000000001616dcd0:   68732e7972746e75 65720a6c6d782e70
0x000000001616dce0:   6d2f656372756f73 706168732f737061
0x000000001616dcf0:   72746e756f632f65 65720a7868732e79
0x000000001616dd00:   6d2f656372756f73 706168732f737061
0x000000001616dd10:   5f53484853472f65 742e454d44414552
0x000000001616dd20:   756f7365720a7478 7370616d2f656372
0x000000001616dd30:   472f65706168732f 4c5f685f53484853
0x000000001616dd40:   00005b8f3212d8a2 6d2f656372756f73
0x000000001616dd50:   0000000000000001 000000001485c050
0x000000001616dd60:   0000000020830964 6f662f7265746e69
0x000000001616dd70:   00007ff8f97aeb10 000000001616ed80
0x000000001616dd80:   000000001616efc0 0000000053018baa
0x000000001616dd90:   0000000000000002 2f65706168732f73
0x000000001616dda0:   5f685f5348485347 720a7868732e314c
0x000000001616ddb0:   000000001616ddf0 0000000000000000 

Instructions: (pc=0x0000000053018ad2)
0x0000000053018ab2:   cc cc cc cc 66 66 0f 1f 84 00 00 00 00 00 48 81
0x0000000053018ac2:   ec 38 05 00 00 48 85 d2 75 03 48 ff c2 4d 33 d2
0x0000000053018ad2:   4c 39 11 0f 85 88 00 00 00 48 8b c2 48 8b 59 08
0x0000000053018ae2:   48 8b 71 20 48 8b 79 28 4c 8b 61 30 4c 8b 69 38 


Register to memory mapping:

RAX=0x0000000000000001 is an unknown value
RBX=0x00000000184bdeb8 is an unknown value
RCX=0x0000000000000000 is an unknown value
RDX=0x0000000000000002 is an unknown value
RSP=0x000000001616dcc0 is pointing into the stack for thread: 0x000000001392d800
RBP=0x0000000000000003 is an unknown value
RSI=0x000000001616ecb0 is pointing into the stack for thread: 0x000000001392d800
RDI=0x00007ff8f97aeb10 is an unknown value
R8 =0x0000000000000007 is an unknown value
R9 =0x0000000000000000 is an unknown value
R10=0x0000000000000000 is an unknown value
R11=0x00007ff8f97ad6e0 is an unknown value
R12=0x4152524441525244 is an unknown value
R13=0x000000001616eec0 is pointing into the stack for thread: 0x000000001392d800
R14=0x0000000000000000 is an unknown value
R15=0x0000000000000000 is an unknown value


Stack: [0x0000000016070000,0x0000000016170000],  sp=0x000000001616dcc0,  free space=1015k
Native frames: (J=compiled Java code, j=interpreted, Vv=VM code, C=native code)
C  [MSVCR100.dll+0x78ad2]  longjmp+0x12

Java frames: (J=compiled Java code, j=interpreted, Vv=VM code)
j  com.rsi.idldt.core.ips.IPS_Access.IPS_Start([Ljava/lang/String;)V+0
j  com.rsi.idldt.core.ips.IPS_Manager$2.run()V+15
j  java.lang.Thread.run()V+11
v  ~StubRoutines::call_stub

---------------  P R O C E S S  ---------------

Java Threads: ( => current thread )
  0x000000001ed3c800 JavaThread "Worker-162" [_thread_blocked, id=19796, stack(0x000000007c720000,0x000000007c820000)]
  0x000000001ed3b800 JavaThread "Worker-161" [_thread_blocked, id=19544, stack(0x000000007c420000,0x000000007c520000)]
  0x000000001ed3e000 JavaThread "Worker-157" [_thread_blocked, id=3912, stack(0x000000007ba20000,0x000000007bb20000)]
  0x00000000152cd800 JavaThread "[ThreadPool Manager] - Idle Thread" daemon [_thread_blocked, id=19088, stack(0x000000001f850000,0x000000001f950000)]
  0x00000000152d0000 JavaThread "Timer-1" daemon [_thread_blocked, id=9664, stack(0x000000001e410000,0x000000001e510000)]
  0x00000000152cf000 JavaThread "Thread-15" [_thread_in_native, id=5356, stack(0x000000001e210000,0x000000001e310000)]
  0x00000000152cc000 JavaThread "IDLDT DOM Worker-7" [_thread_blocked, id=15468, stack(0x000000001df10000,0x000000001e010000)]
  0x00000000152cb800 JavaThread "IDLDT DOM Worker-6" [_thread_blocked, id=7676, stack(0x000000001de10000,0x000000001df10000)]
  0x00000000152c4000 JavaThread "IDLDT DOM Worker-5" [_thread_blocked, id=2604, stack(0x000000001dd10000,0x000000001de10000)]
  0x00000000152ca800 JavaThread "IDLDT DOM Worker-4" [_thread_blocked, id=17724, stack(0x000000001dc10000,0x000000001dd10000)]
  0x00000000152c7000 JavaThread "IDLDT DOM Worker-3" [_thread_blocked, id=18536, stack(0x000000001db10000,0x000000001dc10000)]
  0x00000000152ca000 JavaThread "IDLDT DOM Worker-2" [_thread_blocked, id=2968, stack(0x000000001da10000,0x000000001db10000)]
  0x00000000152c8800 JavaThread "IDLDT DOM Worker-1" [_thread_blocked, id=5488, stack(0x000000001d910000,0x000000001da10000)]
  0x00000000152c3000 JavaThread "IDLDT DOM Worker-0" [_thread_blocked, id=344, stack(0x000000001d810000,0x000000001d910000)]
  0x00000000152c7800 JavaThread "Timer-0" daemon [_thread_blocked, id=19216, stack(0x000000001d710000,0x000000001d810000)]
=>0x000000001392d800 JavaThread "IDL" [_thread_in_native, id=19260, stack(0x0000000016070000,0x0000000016170000)]
  0x0000000015062000 JavaThread "IDLToJava Broker" daemon [_thread_blocked, id=2052, stack(0x0000000015f70000,0x0000000016070000)]
  0x000000001362b800 JavaThread "Provisioning Event Dispatcher" daemon [_thread_blocked, id=17620, stack(0x0000000014410000,0x0000000014510000)]
  0x000000001348b000 JavaThread "Bundle File Closer" daemon [_thread_blocked, id=16676, stack(0x0000000014210000,0x0000000014310000)]
  0x0000000013352800 JavaThread "Worker-JM" [_thread_blocked, id=236, stack(0x0000000014110000,0x0000000014210000)]
  0x0000000012e59800 JavaThread "[Timer] - Main Queue Handler" daemon [_thread_blocked, id=636, stack(0x0000000014010000,0x0000000014110000)]
  0x0000000012dd5000 JavaThread "Framework Event Dispatcher" daemon [_thread_blocked, id=6640, stack(0x0000000013e10000,0x0000000013f10000)]
  0x0000000013444800 JavaThread "Start Level Event Dispatcher" daemon [_thread_blocked, id=8436, stack(0x0000000013d10000,0x0000000013e10000)]
  0x0000000012e21800 JavaThread "State Data Manager" daemon [_thread_blocked, id=12080, stack(0x0000000013c10000,0x0000000013d10000)]
  0x0000000012d1c800 JavaThread "Framework Active Thread" [_thread_blocked, id=14544, stack(0x0000000013b10000,0x0000000013c10000)]
  0x0000000010537800 JavaThread "Service Thread" daemon [_thread_blocked, id=19044, stack(0x0000000012920000,0x0000000012a20000)]
  0x0000000010534800 JavaThread "C2 CompilerThread1" daemon [_thread_blocked, id=18828, stack(0x0000000012820000,0x0000000012920000)]
  0x000000001052d800 JavaThread "C2 CompilerThread0" daemon [_thread_blocked, id=19420, stack(0x0000000012720000,0x0000000012820000)]
  0x0000000010524800 JavaThread "Attach Listener" daemon [_thread_blocked, id=18208, stack(0x0000000012620000,0x0000000012720000)]
  0x000000001051f800 JavaThread "Signal Dispatcher" daemon [_thread_blocked, id=8160, stack(0x0000000012520000,0x0000000012620000)]
  0x00000000104c0800 JavaThread "Finalizer" daemon [_thread_blocked, id=4464, stack(0x0000000012420000,0x0000000012520000)]
  0x00000000104b9000 JavaThread "Reference Handler" daemon [_thread_blocked, id=19276, stack(0x0000000012320000,0x0000000012420000)]
  0x00000000044f0800 JavaThread "main" [_thread_in_native, id=15056, stack(0x0000000000050000,0x0000000000150000)]

Other Threads:
  0x00000000104b4800 VMThread [stack: 0x0000000012220000,0x0000000012320000] [id=444]
  0x0000000010552000 WatcherThread [stack: 0x0000000012a20000,0x0000000012b20000] [id=2564]

VM state:not at safepoint (normal execution)

VM Mutex/Monitor currently owned by a thread: None

Heap
 PSYoungGen      total 174400K, used 4451K [0x00000007c0000000, 0x00000007caaa0000, 0x0000000800000000)
  eden space 174016K, 2% used [0x00000007c0000000,0x00000007c0458fa0,0x00000007ca9f0000)
  from space 384K, 0% used [0x00000007caa40000,0x00000007caa40000,0x00000007caaa0000)
  to   space 320K, 0% used [0x00000007ca9f0000,0x00000007ca9f0000,0x00000007caa40000)
 ParOldGen       total 349568K, used 47713K [0x0000000740000000, 0x0000000755560000, 0x00000007c0000000)
  object space 349568K, 13% used [0x0000000740000000,0x0000000742e98688,0x0000000755560000)
 PSPermGen       total 58432K, used 58421K [0x000000073ae00000, 0x000000073e710000, 0x0000000740000000)
  object space 58432K, 99% used [0x000000073ae00000,0x000000073e70d608,0x000000073e710000)

Card table byte_map: [0x00000000075f0000,0x0000000007c20000] byte_map_base: 0x0000000003c19000

Polling page: 0x0000000002570000

Code Cache  [0x00000000045f0000, 0x0000000004e20000, 0x00000000075f0000)
 total_blobs=2897 nmethods=2203 adapters=642 free_code_cache=40927Kb largest_free_block=41776832

Compilation events (10 events):
Event: 7784.390 Thread 0x0000000010534800 2478             org.eclipse.swt.custom.StyledTextRenderer::getTextLayout (27 bytes)
Event: 7784.392 Thread 0x0000000010534800 nmethod 2478 0x0000000004bae210 code [0x0000000004bae380, 0x0000000004bae508]
Event: 7818.333 Thread 0x000000001052d800 2480             org.eclipse.jface.text.hyperlink.HyperlinkManager::mouseMove (126 bytes)
Event: 7818.337 Thread 0x000000001052d800 nmethod 2480 0x0000000004aecbd0 code [0x0000000004aecda0, 0x0000000004aed200]
Event: 7853.036 Thread 0x0000000010534800 2481             com.ibm.icu.text.RBBIDataWrapper::get (994 bytes)
Event: 7853.095 Thread 0x0000000010534800 nmethod 2481 0x0000000004e0ed50 code [0x0000000004e0f2e0, 0x0000000004e11bf8]
Event: 13436.339 Thread 0x000000001052d800 2483             org.eclipse.ui.console.TextConsole::findPosition (152 bytes)
Event: 13436.342 Thread 0x000000001052d800 nmethod 2483 0x0000000004b89590 code [0x0000000004b896e0, 0x0000000004b898d8]
Event: 13437.948 Thread 0x0000000010534800 2484   !         org.eclipse.ui.internal.ActionPresentation::setActionSets (516 bytes)
Event: 13437.983 Thread 0x0000000010534800 nmethod 2484 0x0000000004e14750 code [0x0000000004e14a60, 0x0000000004e16258]

GC Heap History (10 events):
Event: 13932.714 GC heap before
{Heap before GC invocations=399 (full 183):
 PSYoungGen      total 174336K, used 128K [0x00000007c0000000, 0x00000007caaa0000, 0x0000000800000000)
  eden space 173952K, 0% used [0x00000007c0000000,0x00000007c0000000,0x00000007ca9e0000)
  from space 384K, 33% used [0x00000007caa40000,0x00000007caa60000,0x00000007caaa0000)
  to   space 384K, 0% used [0x00000007ca9e0000,0x00000007ca9e0000,0x00000007caa40000)
 ParOldGen       total 349568K, used 47711K [0x0000000740000000, 0x0000000755560000, 0x00000007c0000000)
  object space 349568K, 13% used [0x0000000740000000,0x0000000742e97df0,0x0000000755560000)
 PSPermGen       total 58432K, used 58421K [0x000000073ae00000, 0x000000073e710000, 0x0000000740000000)
  object space 58432K, 99% used [0x000000073ae00000,0x000000073e70d5c8,0x000000073e710000)
Event: 13932.805 GC heap after
Heap after GC invocations=399 (full 183):
 PSYoungGen      total 174336K, used 0K [0x00000007c0000000, 0x00000007caaa0000, 0x0000000800000000)
  eden space 173952K, 0% used [0x00000007c0000000,0x00000007c0000000,0x00000007ca9e0000)
  from space 384K, 0% used [0x00000007caa40000,0x00000007caa40000,0x00000007caaa0000)
  to   space 384K, 0% used [0x00000007ca9e0000,0x00000007ca9e0000,0x00000007caa40000)
 ParOldGen       total 349568K, used 47713K [0x0000000740000000, 0x0000000755560000, 0x00000007c0000000)
  object space 349568K, 13% used [0x0000000740000000,0x0000000742e98540,0x0000000755560000)
 PSPermGen       total 58432K, used 58421K [0x000000073ae00000, 0x000000073e710000, 0x0000000740000000)
  object space 58432K, 99% used [0x000000073ae00000,0x000000073e70d5c8,0x000000073e710000)
}
Event: 13992.716 GC heap before
{Heap before GC invocations=400 (full 183):
 PSYoungGen      total 174336K, used 39227K [0x00000007c0000000, 0x00000007caaa0000, 0x0000000800000000)
  eden space 173952K, 22% used [0x00000007c0000000,0x00000007c264ee70,0x00000007ca9e0000)
  from space 384K, 0% used [0x00000007caa40000,0x00000007caa40000,0x00000007caaa0000)
  to   space 384K, 0% used [0x00000007ca9e0000,0x00000007ca9e0000,0x00000007caa40000)
 ParOldGen       total 349568K, used 47713K [0x0000000740000000, 0x0000000755560000, 0x00000007c0000000)
  object space 349568K, 13% used [0x0000000740000000,0x0000000742e98540,0x0000000755560000)
 PSPermGen       total 58432K, used 58421K [0x000000073ae00000, 0x000000073e710000, 0x0000000740000000)
  object space 58432K, 99% used [0x000000073ae00000,0x000000073e70d5c8,0x000000073e710000)
Event: 13992.718 GC heap after
Heap after GC invocations=400 (full 183):
 PSYoungGen      total 174336K, used 192K [0x00000007c0000000, 0x00000007caaa0000, 0x0000000800000000)
  eden space 173952K, 0% used [0x00000007c0000000,0x00000007c0000000,0x00000007ca9e0000)
  from space 384K, 50% used [0x00000007ca9e0000,0x00000007caa10000,0x00000007caa40000)
  to   space 384K, 0% used [0x00000007caa40000,0x00000007caa40000,0x00000007caaa0000)
 ParOldGen       total 349568K, used 47713K [0x0000000740000000, 0x0000000755560000, 0x00000007c0000000)
  object space 349568K, 13% used [0x0000000740000000,0x0000000742e98540,0x0000000755560000)
 PSPermGen       total 58432K, used 58421K [0x000000073ae00000, 0x000000073e710000, 0x0000000740000000)
  object space 58432K, 99% used [0x000000073ae00000,0x000000073e70d5c8,0x000000073e710000)
}
Event: 13992.718 GC heap before
{Heap before GC invocations=401 (full 184):
 PSYoungGen      total 174336K, used 192K [0x00000007c0000000, 0x00000007caaa0000, 0x0000000800000000)
  eden space 173952K, 0% used [0x00000007c0000000,0x00000007c0000000,0x00000007ca9e0000)
  from space 384K, 50% used [0x00000007ca9e0000,0x00000007caa10000,0x00000007caa40000)
  to   space 384K, 0% used [0x00000007caa40000,0x00000007caa40000,0x00000007caaa0000)
 ParOldGen       total 349568K, used 47713K [0x0000000740000000, 0x0000000755560000, 0x00000007c0000000)
  object space 349568K, 13% used [0x0000000740000000,0x0000000742e98540,0x0000000755560000)
 PSPermGen       total 58432K, used 58421K [0x000000073ae00000, 0x000000073e710000, 0x0000000740000000)
  object space 58432K, 99% used [0x000000073ae00000,0x000000073e70d5c8,0x000000073e710000)
Event: 13992.811 GC heap after
Heap after GC invocations=401 (full 184):
 PSYoungGen      total 174336K, used 0K [0x00000007c0000000, 0x00000007caaa0000, 0x0000000800000000)
  eden space 173952K, 0% used [0x00000007c0000000,0x00000007c0000000,0x00000007ca9e0000)
  from space 384K, 0% used [0x00000007ca9e0000,0x00000007ca9e0000,0x00000007caa40000)
  to   space 384K, 0% used [0x00000007caa40000,0x00000007caa40000,0x00000007caaa0000)
 ParOldGen       total 349568K, used 47716K [0x0000000740000000, 0x0000000755560000, 0x00000007c0000000)
  object space 349568K, 13% used [0x0000000740000000,0x0000000742e99260,0x0000000755560000)
 PSPermGen       total 58432K, used 58421K [0x000000073ae00000, 0x000000073e710000, 0x0000000740000000)
  object space 58432K, 99% used [0x000000073ae00000,0x000000073e70d5c8,0x000000073e710000)
}
Event: 14052.730 GC heap before
{Heap before GC invocations=402 (full 184):
 PSYoungGen      total 174336K, used 3665K [0x00000007c0000000, 0x00000007caaa0000, 0x0000000800000000)
  eden space 173952K, 2% used [0x00000007c0000000,0x00000007c03945b0,0x00000007ca9e0000)
  from space 384K, 0% used [0x00000007ca9e0000,0x00000007ca9e0000,0x00000007caa40000)
  to   space 384K, 0% used [0x00000007caa40000,0x00000007caa40000,0x00000007caaa0000)
 ParOldGen       total 349568K, used 47716K [0x0000000740000000, 0x0000000755560000, 0x00000007c0000000)
  object space 349568K, 13% used [0x0000000740000000,0x0000000742e99260,0x0000000755560000)
 PSPermGen       total 58432K, used 58421K [0x000000073ae00000, 0x000000073e710000, 0x0000000740000000)
  object space 58432K, 99% used [0x000000073ae00000,0x000000073e70d5c8,0x000000073e710000)
Event: 14052.732 GC heap after
Heap after GC invocations=402 (full 184):
 PSYoungGen      total 174400K, used 160K [0x00000007c0000000, 0x00000007caaa0000, 0x0000000800000000)
  eden space 174016K, 0% used [0x00000007c0000000,0x00000007c0000000,0x00000007ca9f0000)
  from space 384K, 41% used [0x00000007caa40000,0x00000007caa68000,0x00000007caaa0000)
  to   space 320K, 0% used [0x00000007ca9f0000,0x00000007ca9f0000,0x00000007caa40000)
 ParOldGen       total 349568K, used 47716K [0x0000000740000000, 0x0000000755560000, 0x00000007c0000000)
  object space 349568K, 13% used [0x0000000740000000,0x0000000742e99260,0x0000000755560000)
 PSPermGen       total 58432K, used 58421K [0x000000073ae00000, 0x000000073e710000, 0x0000000740000000)
  object space 58432K, 99% used [0x000000073ae00000,0x000000073e70d5c8,0x000000073e710000)
}
Event: 14052.732 GC heap before
{Heap before GC invocations=403 (full 185):
 PSYoungGen      total 174400K, used 160K [0x00000007c0000000, 0x00000007caaa0000, 0x0000000800000000)
  eden space 174016K, 0% used [0x00000007c0000000,0x00000007c0000000,0x00000007ca9f0000)
  from space 384K, 41% used [0x00000007caa40000,0x00000007caa68000,0x00000007caaa0000)
  to   space 320K, 0% used [0x00000007ca9f0000,0x00000007ca9f0000,0x00000007caa40000)
 ParOldGen       total 349568K, used 47716K [0x0000000740000000, 0x0000000755560000, 0x00000007c0000000)
  object space 349568K, 13% used [0x0000000740000000,0x0000000742e99260,0x0000000755560000)
 PSPermGen       total 58432K, used 58421K [0x000000073ae00000, 0x000000073e710000, 0x0000000740000000)
  object space 58432K, 99% used [0x000000073ae00000,0x000000073e70d5c8,0x000000073e710000)
Event: 14052.825 GC heap after
Heap after GC invocations=403 (full 185):
 PSYoungGen      total 174400K, used 0K [0x00000007c0000000, 0x00000007caaa0000, 0x0000000800000000)
  eden space 174016K, 0% used [0x00000007c0000000,0x00000007c0000000,0x00000007ca9f0000)
  from space 384K, 0% used [0x00000007caa40000,0x00000007caa40000,0x00000007caaa0000)
  to   space 320K, 0% used [0x00000007ca9f0000,0x00000007ca9f0000,0x00000007caa40000)
 ParOldGen       total 349568K, used 47713K [0x0000000740000000, 0x0000000755560000, 0x00000007c0000000)
  object space 349568K, 13% used [0x0000000740000000,0x0000000742e98688,0x0000000755560000)
 PSPermGen       total 58432K, used 58421K [0x000000073ae00000, 0x000000073e710000, 0x0000000740000000)
  object space 58432K, 99% used [0x000000073ae00000,0x000000073e70d5c8,0x000000073e710000)
}

Deoptimization events (10 events):
Event: 7449.190 Thread 0x00000000044f0800 Uncommon trap -83 fr.pc 0x0000000004cbafe8
Event: 7529.814 Thread 0x00000000044f0800 Uncommon trap -58 fr.pc 0x0000000004d21418
Event: 7532.714 Thread 0x00000000044f0800 Uncommon trap -58 fr.pc 0x0000000004d21418
Event: 7550.074 Thread 0x00000000044f0800 Uncommon trap -12 fr.pc 0x0000000004e07974
Event: 7596.774 Thread 0x000000001ed3b000 Uncommon trap -34 fr.pc 0x0000000004c40924
Event: 7596.776 Thread 0x000000001ed3b000 Uncommon trap -34 fr.pc 0x0000000004c40924
Event: 7853.036 Thread 0x00000000044f0800 Uncommon trap -83 fr.pc 0x0000000004728b7c
Event: 12358.863 Thread 0x000000001ed36800 Uncommon trap -83 fr.pc 0x0000000004c5bd18
Event: 12358.864 Thread 0x000000001ed38800 Uncommon trap -83 fr.pc 0x0000000004c58ae4
Event: 12359.098 Thread 0x000000001ed3b000 Uncommon trap -83 fr.pc 0x0000000004c58ae4

Internal exceptions (10 events):
Event: 7550.102 Thread 0x00000000044f0800 Threw 0x00000007c0ab7cd0 at C:\jdk7u2_64p\jdk7u25\hotspot\src\share\vm\prims\jni.cpp:716
Event: 7550.102 Thread 0x00000000044f0800 Threw 0x00000007c0ab87e8 at C:\jdk7u2_64p\jdk7u25\hotspot\src\share\vm\prims\jni.cpp:716
Event: 7550.102 Thread 0x00000000044f0800 Threw 0x00000007c0ab9438 at C:\jdk7u2_64p\jdk7u25\hotspot\src\share\vm\prims\jni.cpp:716
Event: 7550.116 Thread 0x00000000044f0800 Threw 0x00000007c0bde720 at C:\jdk7u2_64p\jdk7u25\hotspot\src\share\vm\prims\jni.cpp:716
Event: 7550.116 Thread 0x00000000044f0800 Threw 0x00000007c0bdf208 at C:\jdk7u2_64p\jdk7u25\hotspot\src\share\vm\prims\jni.cpp:716
Event: 7550.116 Thread 0x00000000044f0800 Threw 0x00000007c0bdfcb0 at C:\jdk7u2_64p\jdk7u25\hotspot\src\share\vm\prims\jni.cpp:716
Event: 7550.116 Thread 0x00000000044f0800 Threw 0x00000007c0be0858 at C:\jdk7u2_64p\jdk7u25\hotspot\src\share\vm\prims\jni.cpp:716
Event: 7550.123 Thread 0x00000000044f0800 Threw 0x00000007c0c576e8 at C:\jdk7u2_64p\jdk7u25\hotspot\src\share\vm\prims\jni.cpp:716
Event: 7550.123 Thread 0x00000000044f0800 Threw 0x00000007c0c582e8 at C:\jdk7u2_64p\jdk7u25\hotspot\src\share\vm\prims\jni.cpp:716
Event: 7550.123 Thread 0x00000000044f0800 Threw 0x00000007c0c59010 at C:\jdk7u2_64p\jdk7u25\hotspot\src\share\vm\prims\jni.cpp:716

Events (10 events):
Event: 14052.729 Executing VM operation: ParallelGCSystemGC
Event: 14052.825 Executing VM operation: ParallelGCSystemGC done
Event: 14052.826 Thread 0x000000001ed3c800 Thread added: 0x000000001ed3c800
Event: 14052.826 Thread 0x000000001ed3c800 Thread exited: 0x000000001ed3c800
Event: 14055.454 Thread 0x000000001ed3b000 Thread exited: 0x000000001ed3b000
Event: 14108.571 Thread 0x000000001ed3c800 Thread added: 0x000000001ed3c800
Event: 14108.575 Thread 0x000000001ed3b000 Thread added: 0x000000001ed3b000
Event: 14108.575 Executing VM operation: RevokeBias
Event: 14108.576 Executing VM operation: RevokeBias done
Event: 14108.576 Thread 0x000000001ed3b000 Thread exited: 0x000000001ed3b000


Dynamic libraries:
0x0000000000400000 - 0x000000000040e000 	C:\Program Files\Exelis\IDL85\bin\bin.x86_64\idlde.exe
0x00007ff933a20000 - 0x00007ff933c00000 	C:\WINDOWS\SYSTEM32\ntdll.dll
0x00007ff927d40000 - 0x00007ff927d74000 	C:\Program Files\AVAST Software\Avast\x64\aswhooka.dll
0x00007ff932b10000 - 0x00007ff932bbe000 	C:\WINDOWS\System32\KERNEL32.DLL
0x00007ff930970000 - 0x00007ff930bd6000 	C:\WINDOWS\System32\KERNELBASE.dll
0x00007ff92e070000 - 0x00007ff92e0f8000 	C:\WINDOWS\SYSTEM32\apphelp.dll
0x00007ff910410000 - 0x00007ff910467000 	C:\WINDOWS\SYSTEM32\AcGenral.DLL
0x00007ff932350000 - 0x00007ff9323ed000 	C:\WINDOWS\System32\msvcrt.dll
0x00007ff932bc0000 - 0x00007ff932c1b000 	C:\WINDOWS\System32\sechost.dll
0x00007ff932c90000 - 0x00007ff932daf000 	C:\WINDOWS\System32\RPCRT4.dll
0x00007ff933460000 - 0x00007ff9334b1000 	C:\WINDOWS\System32\SHLWAPI.dll
0x00007ff9323f0000 - 0x00007ff9326f8000 	C:\WINDOWS\System32\combase.dll
0x00007ff930870000 - 0x00007ff930966000 	C:\WINDOWS\System32\ucrtbase.dll
0x00007ff930570000 - 0x00007ff9305e2000 	C:\WINDOWS\System32\bcryptPrimitives.dll
0x00007ff9332c0000 - 0x00007ff9332e8000 	C:\WINDOWS\System32\GDI32.dll
0x00007ff930d00000 - 0x00007ff930e93000 	C:\WINDOWS\System32\gdi32full.dll
0x00007ff930be0000 - 0x00007ff930c7b000 	C:\WINDOWS\System32\msvcp_win.dll
0x00007ff933020000 - 0x00007ff9331af000 	C:\WINDOWS\System32\USER32.dll
0x00007ff930ce0000 - 0x00007ff930d00000 	C:\WINDOWS\System32\win32u.dll
0x00007ff9329b0000 - 0x00007ff932af9000 	C:\WINDOWS\System32\ole32.dll
0x00007ff930ef0000 - 0x00007ff932326000 	C:\WINDOWS\System32\SHELL32.dll
0x00007ff930ea0000 - 0x00007ff930eea000 	C:\WINDOWS\System32\cfgmgr32.dll
0x00007ff932f70000 - 0x00007ff933016000 	C:\WINDOWS\System32\shcore.dll
0x00007ff92fe20000 - 0x00007ff930567000 	C:\WINDOWS\System32\windows.storage.dll
0x00007ff933210000 - 0x00007ff9332b1000 	C:\WINDOWS\System32\advapi32.dll
0x00007ff92fde0000 - 0x00007ff92fdf1000 	C:\WINDOWS\System32\kernel.appcore.dll
0x00007ff92fd70000 - 0x00007ff92fdbc000 	C:\WINDOWS\System32\powrprof.dll
0x00007ff92fdc0000 - 0x00007ff92fddb000 	C:\WINDOWS\System32\profapi.dll
0x00007ff92fca0000 - 0x00007ff92fcd0000 	C:\WINDOWS\SYSTEM32\SspiCli.dll
0x00007ff92fc70000 - 0x00007ff92fc99000 	C:\WINDOWS\SYSTEM32\USERENV.dll
0x00007ff926930000 - 0x00007ff92694b000 	C:\WINDOWS\SYSTEM32\MPR.dll
0x00007ff9327e0000 - 0x00007ff93280d000 	C:\WINDOWS\System32\IMM32.DLL
0x00007ff929970000 - 0x00007ff929bd9000 	C:\WINDOWS\WinSxS\amd64_microsoft.windows.common-controls_6595b64144ccf1df_6.0.16299.309_none_15cfd4c4935e6b11\COMCTL32.dll
0x0000000072000000 - 0x0000000072012000 	C:\Program Files\Exelis\IDL85\bin\bin.x86_64\plugins\org.eclipse.equinox.launcher.win32.win32.x86_64_1.1.100.v20110502\eclipse_1406.dll
0x00007ff92a2f0000 - 0x00007ff92a2fa000 	C:\WINDOWS\SYSTEM32\VERSION.dll
0x0000000053080000 - 0x000000005378f000 	C:\Program Files\Exelis\IDL85\bin\bin.x86_64\jre\bin\server\jvm.dll
0x00007ff932b00000 - 0x00007ff932b08000 	C:\WINDOWS\System32\PSAPI.DLL
0x00007ff913c70000 - 0x00007ff913c79000 	C:\WINDOWS\SYSTEM32\WSOCK32.dll
0x00007ff932c20000 - 0x00007ff932c8c000 	C:\WINDOWS\System32\WS2_32.dll
0x00007ff92d5a0000 - 0x00007ff92d5c3000 	C:\WINDOWS\SYSTEM32\WINMM.dll
0x0000000052fa0000 - 0x0000000053072000 	C:\WINDOWS\SYSTEM32\MSVCR100.dll
0x00007ff92d240000 - 0x00007ff92d26a000 	C:\WINDOWS\SYSTEM32\WINMMBASE.dll
0x0000000053cd0000 - 0x0000000053cdf000 	C:\Program Files\Exelis\IDL85\bin\bin.x86_64\jre\bin\verify.dll
0x0000000053c00000 - 0x0000000053c28000 	C:\Program Files\Exelis\IDL85\bin\bin.x86_64\jre\bin\java.dll
0x0000000053cb0000 - 0x0000000053cc5000 	C:\Program Files\Exelis\IDL85\bin\bin.x86_64\jre\bin\zip.dll
0x00007ff92f7c0000 - 0x00007ff92f7d7000 	C:\WINDOWS\SYSTEM32\CRYPTSP.dll
0x00007ff92f1a0000 - 0x00007ff92f1d3000 	C:\WINDOWS\system32\rsaenh.dll
0x00007ff92f8d0000 - 0x00007ff92f8f5000 	C:\WINDOWS\SYSTEM32\bcrypt.dll
0x00007ff92f7e0000 - 0x00007ff92f7eb000 	C:\WINDOWS\SYSTEM32\CRYPTBASE.dll
0x0000000053be0000 - 0x0000000053bf9000 	C:\Program Files\Exelis\IDL85\bin\bin.x86_64\jre\bin\net.dll
0x00007ff92f5a0000 - 0x00007ff92f606000 	C:\WINDOWS\system32\mswsock.dll
0x00007ff921530000 - 0x00007ff921546000 	C:\WINDOWS\system32\napinsp.dll
0x00007ff921510000 - 0x00007ff92152a000 	C:\WINDOWS\system32\pnrpnsp.dll
0x00007ff92dc20000 - 0x00007ff92dc38000 	C:\WINDOWS\system32\NLAapi.dll
0x00007ff92f380000 - 0x00007ff92f436000 	C:\WINDOWS\SYSTEM32\DNSAPI.dll
0x00007ff9334c0000 - 0x00007ff9334c8000 	C:\WINDOWS\System32\NSI.dll
0x00007ff92f330000 - 0x00007ff92f369000 	C:\WINDOWS\SYSTEM32\IPHLPAPI.DLL
0x00007ff921550000 - 0x00007ff92155e000 	C:\WINDOWS\System32\winrnr.dll
0x00007ff92a890000 - 0x00007ff92a89a000 	C:\Windows\System32\rasadhlp.dll
0x00007ff92ccc0000 - 0x00007ff92cd30000 	C:\WINDOWS\System32\fwpuclnt.dll
0x0000000053bc0000 - 0x0000000053bd1000 	C:\Program Files\Exelis\IDL85\bin\bin.x86_64\jre\bin\nio.dll
0x00007ff92e1f0000 - 0x00007ff92e285000 	C:\WINDOWS\system32\uxtheme.dll
0x00007ff9332f0000 - 0x00007ff933457000 	C:\WINDOWS\System32\MSCTF.dll
0x00007ff9334d0000 - 0x00007ff933595000 	C:\WINDOWS\System32\OLEAUT32.dll
0x0000000012fe0000 - 0x0000000013087000 	C:\Users\MSomrak\.idl\idlworkbench-config-idl8.5_x86_64\org.eclipse.osgi\bundles\532\1\.cp\swt-win32-3740.dll
0x00007ff932dc0000 - 0x00007ff932eca000 	C:\WINDOWS\System32\comdlg32.dll
0x00007ff9305f0000 - 0x00007ff9307be000 	C:\WINDOWS\System32\CRYPT32.dll
0x00007ff92fe00000 - 0x00007ff92fe12000 	C:\WINDOWS\System32\MSASN1.dll
0x00007ff92a740000 - 0x00007ff92a7c6000 	C:\WINDOWS\SYSTEM32\WINSPOOL.DRV
0x00007ff8feb80000 - 0x00007ff8feb99000 	C:\WINDOWS\SYSTEM32\USP10.dll
0x00007ff910570000 - 0x00007ff9108a4000 	C:\WINDOWS\SYSTEM32\WININET.dll
0x00007ff92e460000 - 0x00007ff92e48a000 	C:\WINDOWS\system32\dwmapi.dll
0x00007ff92c9c0000 - 0x00007ff92cb71000 	C:\WINDOWS\SYSTEM32\propsys.dll
0x00007ff932ed0000 - 0x00007ff932f6e000 	C:\WINDOWS\System32\clbcatq.dll
0x0000000013fb0000 - 0x0000000013fce000 	C:\Users\MSomrak\.idl\idlworkbench-config-idl8.5_x86_64\org.eclipse.osgi\bundles\532\1\.cp\swt-gdip-win32-3740.dll
0x00007ff929be0000 - 0x00007ff929d7c000 	C:\WINDOWS\WinSxS\amd64_microsoft.windows.gdiplus_6595b64144ccf1df_1.1.16299.309_none_46bac7a9edf0e4df\gdiplus.dll
0x00007ff9271c0000 - 0x00007ff92736b000 	C:\WINDOWS\SYSTEM32\WindowsCodecs.dll
0x00007ff926b30000 - 0x00007ff926bc8000 	C:\WINDOWS\System32\TextInputFramework.dll
0x00007ff926620000 - 0x00007ff92690e000 	C:\WINDOWS\System32\CoreUIComponents.dll
0x00007ff92c1b0000 - 0x00007ff92c28c000 	C:\WINDOWS\System32\CoreMessaging.dll
0x00007ff92eca0000 - 0x00007ff92ecd1000 	C:\WINDOWS\SYSTEM32\ntmarta.dll
0x00007ff92a300000 - 0x00007ff92a436000 	C:\WINDOWS\SYSTEM32\wintypes.dll
0x0000000180000000 - 0x0000000180011000 	C:\Users\MSomrak\.idl\idlworkbench-config-idl8.5_x86_64\org.eclipse.osgi\bundles\184\1\.cp\os\win32\x86_64\localfile_1_0_0.dll
0x00007ff9103c0000 - 0x00007ff91040d000 	C:\Program Files\Exelis\IDL85\bin\bin.x86_64\idl_ips.dll
0x00007ff8f8e60000 - 0x00007ff8f9c2d000 	C:\Program Files\Exelis\IDL85\bin\bin.x86_64\idl.dll
0x00007ff910390000 - 0x00007ff9103b3000 	C:\Program Files\Exelis\IDL85\bin\bin.x86_64\UG3220.dll
0x00007ff910330000 - 0x00007ff91038c000 	C:\Program Files\Exelis\IDL85\bin\bin.x86_64\MesaGLU6_2.dll
0x00007ff904250000 - 0x00007ff9043de000 	C:\Program Files\Exelis\IDL85\bin\bin.x86_64\MesaGL6_2.dll
0x00007ff912710000 - 0x00007ff91271c000 	C:\Program Files\Exelis\IDL85\bin\bin.x86_64\osmesa6_2.dll
0x00007ff91d460000 - 0x00007ff91d477000 	C:\WINDOWS\SYSTEM32\NETAPI32.dll
0x00007ff902da0000 - 0x00007ff902e1c000 	C:\Program Files\Exelis\IDL85\bin\bin.x86_64\freetype2_4_7.dll
0x00007ff92a0f0000 - 0x00007ff92a0f7000 	C:\WINDOWS\SYSTEM32\MSIMG32.dll
0x00007ff92bc90000 - 0x00007ff92bca6000 	C:\WINDOWS\SYSTEM32\dhcpcsvc6.DLL
0x00007ff92b960000 - 0x00007ff92b97a000 	C:\WINDOWS\SYSTEM32\dhcpcsvc.DLL
0x0000000019170000 - 0x0000000019489000 	C:\WINDOWS\system32\spool\DRIVERS\x64\3\KMUU60RQ.DLL
0x00007ff91e2c0000 - 0x00007ff91e3bb000 	C:\WINDOWS\SYSTEM32\ClusApi.dll
0x0000000019590000 - 0x00000000199d7000 	C:\WINDOWS\system32\spool\drivers\x64\3\KMFs60RQ.dll
0x00007ff9335a0000 - 0x00007ff9339ee000 	C:\WINDOWS\System32\SETUPAPI.dll
0x00007ff92f370000 - 0x00007ff92f37e000 	C:\WINDOWS\SYSTEM32\NETUTILS.DLL
0x00000000199e0000 - 0x0000000019ab9000 	C:\WINDOWS\system32\spool\drivers\x64\3\KMPE60RQ.dll
0x0000000019bd0000 - 0x0000000019ce2000 	C:\WINDOWS\system32\spool\drivers\x64\3\KMWM60RQ.dll
0x0000000019cf0000 - 0x0000000019e44000 	C:\WINDOWS\system32\spool\drivers\x64\3\KMPF60RQ.dll
0x0000000019e50000 - 0x0000000019f69000 	C:\WINDOWS\system32\spool\drivers\x64\3\KMPO60RQ.dll
0x0000000019fe0000 - 0x000000001a0b6000 	C:\WINDOWS\system32\spool\drivers\x64\3\KMXL60RQ.dll
0x000000001a170000 - 0x000000001a239000 	C:\WINDOWS\system32\spool\drivers\x64\3\KM5E60RQ.dll
0x000000001a3a0000 - 0x000000001a52a000 	C:\WINDOWS\system32\spool\drivers\x64\3\KMPS60RQ.dll
0x000000001a240000 - 0x000000001a38e000 	C:\WINDOWS\system32\spool\drivers\x64\3\KMRF60RQ.dll
0x000000001a880000 - 0x000000001ab6e000 	C:\WINDOWS\system32\spool\DRIVERS\x64\3\KMUC60RQ.DLL
0x00007ff8ff5b0000 - 0x00007ff8ff6ce000 	C:\WINDOWS\SYSTEM32\OpenGL32.DLL
0x00007ff90e5e0000 - 0x00007ff90e60c000 	C:\WINDOWS\SYSTEM32\GLU32.dll
0x00007ff9036b0000 - 0x00007ff9036ee000 	C:\Program Files\Exelis\IDL85\bin\bin.x86_64\gl_driver.dll
0x00000000168d0000 - 0x00000000168d3000 	C:\WINDOWS\SYSTEM32\icmp.Dll
0x00007ff92a820000 - 0x00007ff92a88e000 	C:\WINDOWS\SYSTEM32\oleacc.dll
0x00007ff90bf90000 - 0x00007ff90c423000 	C:\WINDOWS\system32\explorerframe.dll
0x00007ff90c550000 - 0x00007ff90c59f000 	C:\WINDOWS\system32\dataexchange.dll
0x00007ff92b980000 - 0x00007ff92bc62000 	C:\WINDOWS\system32\d3d11.dll
0x00007ff92c850000 - 0x00007ff92c992000 	C:\WINDOWS\system32\dcomp.dll
0x00007ff92ea20000 - 0x00007ff92eacf000 	C:\WINDOWS\system32\dxgi.dll
0x00007ff92e520000 - 0x00007ff92e69b000 	C:\WINDOWS\system32\twinapi.appcore.dll
0x00007ff92e490000 - 0x00007ff92e4b0000 	C:\WINDOWS\system32\RMCLIENT.dll
0x00007ff928d50000 - 0x00007ff928d8f000 	C:\WINDOWS\system32\mlang.dll
0x00007ff90e5c0000 - 0x00007ff90e5d1000 	C:\Users\MSomrak\.idl\idlworkbench-config-idl8.5_x86_64\org.eclipse.osgi\bundles\209\1\.cp\jWinHttp-1.0.0.dll
0x00007ff92cb80000 - 0x00007ff92cc5e000 	C:\WINDOWS\SYSTEM32\WINHTTP.dll
0x00007ff90bea0000 - 0x00007ff90befb000 	C:\Windows\System32\thumbcache.dll
0x00007ff929fa0000 - 0x00007ff92a01a000 	C:\WINDOWS\SYSTEM32\policymanager.dll
0x00007ff92d4d0000 - 0x00007ff92d560000 	C:\WINDOWS\SYSTEM32\msvcp110_win.dll
0x00007ff902a40000 - 0x00007ff902a8a000 	C:\Windows\System32\dlnashext.dll
0x00007ff910300000 - 0x00007ff91031f000 	C:\Windows\System32\DevDispItemProvider.dll

VM Arguments:
jvm_args: -Dosgi.instance.area.default=@user.home/IDLWorkspace85 -Dosgi.configuration.area=@user.home/.idl/idlworkbench-config-idl8.5_x86_64 -Dosgi.configuration.cascaded=true -Dosgi.checkConfiguration=true -Dosgi.sharedConfiguration.area.readOnly=true -Dorg.eclipse.update.reconcile=false -Declipse.p2.data.area=@config.dir/p2 -Dosgi.sharedConfiguration.area=C:\Program Files\Exelis\IDL85\bin\bin.x86_64/configuration -Xms512m -Xmx3072m 
java_command: <unknown>
Launcher Type: generic

Environment Variables:
JAVA_HOME=C:\Program Files\Java\jdk1.8.0_162
JRE_HOME=C:\Program Files\Java\jdk1.8.0_162\jre
CLASSPATH=.;C:\Program Files\Java\jdk1.8.0_162\lib;C:\Program Files\Java\jdk1.8.0_162\jre\li
PATH=C:/Program Files/Exelis/IDL85/bin/bin.x86_64/jre/bin/server;C:/Program Files/Exelis/IDL85/bin/bin.x86_64/jre/bin;C:/Program Files/Exelis/IDL85/bin/bin.x86_64/jre/lib/amd64;C:\Program Files\Exelis\IDL85\bin\bin.x86_64\;C:\WINDOWS\system32;C:\WINDOWS;C:\WINDOWS\System32\Wbem;C:\WINDOWS\System32\WindowsPowerShell\v1.0\;C:\Program Files (x86)\gnuplot\bin;C:\Program Files\GDAL;C:\Program Files (x86)\GDAL;C:\OSGeo4W64\bin;C:\OSGeo4W64\apps\qgis\bin;C:\OSGeo4W64\apps\grass\grass-7.2.1\bin;C:\Python27;C:\Program Files\Java\jdk1.8.0_162\bin;C:\Program Files\Calibre2\;C:\Users\MSomrak\Downloads\MRT_download_Win\MRT\bin;c:\Programs\MODIS\bin;C:\Program Files\GDAL;C:\Users\MSomrak\AppData\Local\Continuum\Anaconda3;C:\Users\MSomrak\AppData\Local\Continuum\Anaconda3\Scripts;C:\Users\MSomrak\AppData\Local\Continuum\Anaconda3\Library\bin;USERPROFILE\AppData\Local\Microsoft\WindowsApps;C:\Program Files\snap\bin;C:\Program Files (x86)\ArcGIS\Desktop10.4\bin64;C:\Program Files (x86)\ArcGIS\Desktop10.4\arcpy;C:\Users\MSomrak;;C:\Program Files\Exelis\IDL85\bin\bin.x86_64;
USERNAME=MSomrak
OS=Windows_NT
PROCESSOR_IDENTIFIER=Intel64 Family 6 Model 30 Stepping 5, GenuineIntel



---------------  S Y S T E M  ---------------

OS: Windows 8 , 64 bit Build 9200 

CPU:total 8 (4 cores per cpu, 2 threads per core) family 6 model 30 stepping 5, cmov, cx8, fxsr, mmx, sse, sse2, sse3, ssse3, sse4.1, sse4.2, popcnt, ht, tsc, tscinvbit

Memory: 4k page, physical 20929652k(6095660k free), swap 34731116k(6698900k free)

vm_info: Java HotSpot(TM) 64-Bit Server VM (23.25-b01) for windows-amd64 JRE (1.7.0_25-b17), built on Jun 21 2013 12:58:32 by "java_re" with unknown MS VC++:1600

time: Fri Mar 30 13:22:51 2018
elapsed time: 14108 seconds

