#
# A fatal error has been detected by the Java Runtime Environment:
#
#  EXCEPTION_ACCESS_VIOLATION (0xc0000005) at pc=0x00000000536e8ad2, pid=9152, tid=13880
#
# JRE version: 7.0_25-b17
# Java VM: Java HotSpot(TM) 64-Bit Server VM (23.25-b01 mixed mode windows-amd64 compressed oops)
# Problematic frame:
# C  [MSVCR100.dll+0x78ad2]  longjmp+0x12
#
# Failed to write core dump. Minidumps are not enabled by default on client versions of Windows
#
# If you would like to submit a bug report, please visit:
#   http://bugreport.sun.com/bugreport/crash.jsp
# The crash happened outside the Java Virtual Machine in native code.
# See problematic frame for where to report the bug.
#

---------------  T H R E A D  ---------------

Current thread (0x000000001396c000):  JavaThread "IDL" [_thread_in_native, id=13880, stack(0x00000000162b0000,0x00000000163b0000)]

siginfo: ExceptionCode=0xc0000005, reading address 0x0000000000000000

Registers:
RAX=0x0000000000000001, RBX=0x0000000014809130, RCX=0x0000000000000000, RDX=0x0000000000000002
RSP=0x00000000163ada40, RBP=0x0000000000000000, RSI=0x00000000163aea30, RDI=0x00007fff0629eb10
R8 =0x0000000000000007, R9 =0x0000000000000000, R10=0x0000000000000000, R11=0x0000000004540778
R12=0x4152524441525244, R13=0x00000000163aec40, R14=0x00000000163af6c0, R15=0x0000000000000001
RIP=0x00000000536e8ad2, EFLAGS=0x0000000000010246

Top of Stack: (sp=0x00000000163ada40)
0x00000000163ada40:   00000000144f6070 000000000000000a
0x00000000163ada50:   0000000000000004 0000000014809130
0x00000000163ada60:   0000000000000000 0000000014d18fe0
0x00000000163ada70:   0000000000000000 00007fff00000020
0x00000000163ada80:   00000000147e65c0 00007fff05a07213
0x00000000163ada90:   00007fff00000000 00000000180c836c
0x00000000163adaa0:   0000000000000004 0000000000000001
0x00000000163adab0:   0000000000000000 00000000147a2660
0x00000000163adac0:   4152524441525244 00000000147e6f20
0x00000000163adad0:   0000000000000000 0000000000000008
0x00000000163adae0:   00000000147e6fa0 00000000536d8d94
0x00000000163adaf0:   0000000012c036f8 00007fff05a17b0a
0x00000000163adb00:   00000000147e6fb0 ffffffffffffffff
0x00000000163adb10:   0000000012c036f8 00007fff059683c1
0x00000000163adb20:   00000000163ad100 0000000012da0bd8
0x00000000163adb30:   0000000012c02820 0000000014d322d8 

Instructions: (pc=0x00000000536e8ad2)
0x00000000536e8ab2:   cc cc cc cc 66 66 0f 1f 84 00 00 00 00 00 48 81
0x00000000536e8ac2:   ec 38 05 00 00 48 85 d2 75 03 48 ff c2 4d 33 d2
0x00000000536e8ad2:   4c 39 11 0f 85 88 00 00 00 48 8b c2 48 8b 59 08
0x00000000536e8ae2:   48 8b 71 20 48 8b 79 28 4c 8b 61 30 4c 8b 69 38 


Register to memory mapping:

RAX=0x0000000000000001 is an unknown value
RBX=0x0000000014809130 is an unknown value
RCX=0x0000000000000000 is an unknown value
RDX=0x0000000000000002 is an unknown value
RSP=0x00000000163ada40 is pointing into the stack for thread: 0x000000001396c000
RBP=0x0000000000000000 is an unknown value
RSI=0x00000000163aea30 is pointing into the stack for thread: 0x000000001396c000
RDI=0x00007fff0629eb10 is an unknown value
R8 =0x0000000000000007 is an unknown value
R9 =0x0000000000000000 is an unknown value
R10=0x0000000000000000 is an unknown value
R11=0x00000000045405d0 [CodeBlob (0x00000000045405d0)]
Framesize: 14
R12=0x4152524441525244 is an unknown value
R13=0x00000000163aec40 is pointing into the stack for thread: 0x000000001396c000
R14=0x00000000163af6c0 is pointing into the stack for thread: 0x000000001396c000
R15=0x0000000000000001 is an unknown value


Stack: [0x00000000162b0000,0x00000000163b0000],  sp=0x00000000163ada40,  free space=1014k
Native frames: (J=compiled Java code, j=interpreted, Vv=VM code, C=native code)
C  [MSVCR100.dll+0x78ad2]  longjmp+0x12

[error occurred during error reporting (printing native stack), id 0xc0000005]

Java frames: (J=compiled Java code, j=interpreted, Vv=VM code)
j  com.rsi.idldt.core.ips.IPS_Access.IPS_Start([Ljava/lang/String;)V+0
j  com.rsi.idldt.core.ips.IPS_Manager$2.run()V+15
j  java.lang.Thread.run()V+11
v  ~StubRoutines::call_stub

---------------  P R O C E S S  ---------------

Java Threads: ( => current thread )
  0x000000001525b800 JavaThread "Worker-647" [_thread_blocked, id=6464, stack(0x0000000025660000,0x0000000025760000)]
  0x0000000013971800 JavaThread "Worker-646" [_thread_blocked, id=21848, stack(0x0000000023c50000,0x0000000023d50000)]
  0x000000001396e800 JavaThread "Worker-645" [_thread_blocked, id=20784, stack(0x000000001c050000,0x000000001c150000)]
  0x000000001396d800 JavaThread "Worker-644" [_thread_blocked, id=19356, stack(0x000000007fe20000,0x000000007ff20000)]
  0x0000000015267800 JavaThread "Worker-643" [_thread_blocked, id=19764, stack(0x000000007f720000,0x000000007f820000)]
  0x000000001525e000 JavaThread "Worker-642" [_thread_blocked, id=11084, stack(0x000000007f620000,0x000000007f720000)]
  0x000000001525d000 JavaThread "Worker-641" [_thread_blocked, id=14612, stack(0x000000007f520000,0x000000007f620000)]
  0x000000001525c800 JavaThread "Worker-636" [_thread_blocked, id=21956, stack(0x0000000078d20000,0x0000000078e20000)]
  0x000000001396b800 JavaThread "Worker-634" [_thread_blocked, id=13976, stack(0x0000000078a20000,0x0000000078b20000)]
  0x0000000013972000 JavaThread "Worker-632" [_thread_blocked, id=21472, stack(0x0000000078820000,0x0000000078920000)]
  0x000000001396d000 JavaThread "Worker-631" [_thread_blocked, id=22256, stack(0x0000000078520000,0x0000000078620000)]
  0x000000001396f000 JavaThread "Worker-628" [_thread_blocked, id=4052, stack(0x0000000077f20000,0x0000000078020000)]
  0x0000000015262800 JavaThread "Timer-1" daemon [_thread_blocked, id=6256, stack(0x000000001e7d0000,0x000000001e8d0000)]
  0x0000000015268800 JavaThread "Thread-15" [_thread_in_native, id=12308, stack(0x000000001e5d0000,0x000000001e6d0000)]
  0x0000000015260000 JavaThread "IDLDT DOM Worker-7" [_thread_blocked, id=18132, stack(0x000000001e2d0000,0x000000001e3d0000)]
  0x0000000015267000 JavaThread "IDLDT DOM Worker-6" [_thread_blocked, id=4732, stack(0x000000001e1d0000,0x000000001e2d0000)]
  0x0000000015264800 JavaThread "IDLDT DOM Worker-5" [_thread_blocked, id=4444, stack(0x000000001e0d0000,0x000000001e1d0000)]
  0x0000000015264000 JavaThread "IDLDT DOM Worker-4" [_thread_blocked, id=6440, stack(0x000000001dfd0000,0x000000001e0d0000)]
  0x0000000015263000 JavaThread "IDLDT DOM Worker-3" [_thread_blocked, id=5436, stack(0x000000001ded0000,0x000000001dfd0000)]
  0x0000000015259800 JavaThread "IDLDT DOM Worker-2" [_thread_blocked, id=2860, stack(0x000000001ddd0000,0x000000001ded0000)]
  0x000000001525f800 JavaThread "IDLDT DOM Worker-1" [_thread_blocked, id=17104, stack(0x000000001ca50000,0x000000001cb50000)]
  0x000000001525a000 JavaThread "IDLDT DOM Worker-0" [_thread_blocked, id=7200, stack(0x000000001c950000,0x000000001ca50000)]
  0x000000001525e800 JavaThread "Timer-0" daemon [_thread_blocked, id=7176, stack(0x000000001c850000,0x000000001c950000)]
  0x0000000013970000 JavaThread "[ThreadPool Manager] - Idle Thread" daemon [_thread_blocked, id=5248, stack(0x000000001b6a0000,0x000000001b7a0000)]
=>0x000000001396c000 JavaThread "IDL" [_thread_in_native, id=13880, stack(0x00000000162b0000,0x00000000163b0000)]
  0x00000000138c8800 JavaThread "IDLToJava Broker" daemon [_thread_blocked, id=5084, stack(0x00000000161b0000,0x00000000162b0000)]
  0x00000000134df800 JavaThread "Provisioning Event Dispatcher" daemon [_thread_blocked, id=12988, stack(0x0000000014350000,0x0000000014450000)]
  0x00000000134b9000 JavaThread "Bundle File Closer" daemon [_thread_blocked, id=7864, stack(0x0000000014150000,0x0000000014250000)]
  0x0000000013479000 JavaThread "Worker-JM" [_thread_blocked, id=12300, stack(0x0000000014050000,0x0000000014150000)]
  0x00000000134e1000 JavaThread "[Timer] - Main Queue Handler" daemon [_thread_blocked, id=19380, stack(0x0000000013f50000,0x0000000014050000)]
  0x0000000012ef8800 JavaThread "Framework Event Dispatcher" daemon [_thread_blocked, id=9080, stack(0x0000000013d50000,0x0000000013e50000)]
  0x00000000132f7000 JavaThread "Start Level Event Dispatcher" daemon [_thread_blocked, id=9260, stack(0x0000000013c50000,0x0000000013d50000)]
  0x0000000012d11000 JavaThread "State Data Manager" daemon [_thread_blocked, id=15284, stack(0x0000000013b50000,0x0000000013c50000)]
  0x00000000132e4800 JavaThread "Framework Active Thread" [_thread_blocked, id=19012, stack(0x0000000013a50000,0x0000000013b50000)]
  0x00000000104d5800 JavaThread "Service Thread" daemon [_thread_blocked, id=3240, stack(0x0000000012900000,0x0000000012a00000)]
  0x00000000104d3000 JavaThread "C2 CompilerThread1" daemon [_thread_blocked, id=16604, stack(0x0000000012800000,0x0000000012900000)]
  0x00000000104ce000 JavaThread "C2 CompilerThread0" daemon [_thread_blocked, id=6308, stack(0x0000000012700000,0x0000000012800000)]
  0x00000000104c5000 JavaThread "Attach Listener" daemon [_thread_blocked, id=13568, stack(0x0000000012600000,0x0000000012700000)]
  0x00000000104c0800 JavaThread "Signal Dispatcher" daemon [_thread_blocked, id=4688, stack(0x0000000012500000,0x0000000012600000)]
  0x0000000010461800 JavaThread "Finalizer" daemon [_thread_blocked, id=14952, stack(0x00000000123e0000,0x00000000124e0000)]
  0x000000001045a000 JavaThread "Reference Handler" daemon [_thread_blocked, id=5552, stack(0x00000000122e0000,0x00000000123e0000)]
  0x0000000004390800 JavaThread "main" [_thread_in_native, id=9420, stack(0x0000000000050000,0x0000000000150000)]

Other Threads:
  0x0000000010456000 VMThread [stack: 0x00000000121e0000,0x00000000122e0000] [id=15688]
  0x00000000104f4800 WatcherThread [stack: 0x0000000012a00000,0x0000000012b00000] [id=18456]

VM state:not at safepoint (normal execution)

VM Mutex/Monitor currently owned by a thread: None

Heap
 PSYoungGen      total 169472K, used 153493K [0x00000007c0000000, 0x00000007caaa0000, 0x0000000800000000)
  eden space 163904K, 92% used [0x00000007c0000000,0x00000007c9490c98,0x00000007ca010000)
  from space 5568K, 24% used [0x00000007ca530000,0x00000007ca684b00,0x00000007caaa0000)
  to   space 5248K, 0% used [0x00000007ca010000,0x00000007ca010000,0x00000007ca530000)
 ParOldGen       total 349568K, used 132042K [0x0000000740000000, 0x0000000755560000, 0x00000007c0000000)
  object space 349568K, 37% used [0x0000000740000000,0x00000007480f2ba0,0x0000000755560000)
 PSPermGen       total 59072K, used 59068K [0x000000073ae00000, 0x000000073e7b0000, 0x0000000740000000)
  object space 59072K, 99% used [0x000000073ae00000,0x000000073e7af270,0x000000073e7b0000)

Card table byte_map: [0x0000000007560000,0x0000000007b90000] byte_map_base: 0x0000000003b89000

Polling page: 0x0000000004360000

Code Cache  [0x00000000044a0000, 0x0000000004dd0000, 0x00000000074a0000)
 total_blobs=3046 nmethods=2356 adapters=638 free_code_cache=39921Kb largest_free_block=40745856

Compilation events (10 events):
Event: 73811.940 Thread 0x00000000104d3000 nmethod 2683 0x0000000004d94e90 code [0x0000000004d951e0, 0x0000000004d96e28]
Event: 73811.941 Thread 0x00000000104d3000 2684             org.eclipse.ui.internal.texteditor.quickdiff.compare.equivalence.DocumentEquivalenceClass::internalGetHash (91 byt
Event: 73811.941 Thread 0x00000000104ce000 nmethod 2682 0x0000000004d90210 code [0x0000000004d90560, 0x0000000004d920c8]
Event: 73811.968 Thread 0x00000000104d3000 nmethod 2684 0x0000000004dc00d0 code [0x0000000004dc0420, 0x0000000004dc2028]
Event: 73825.362 Thread 0x00000000104ce000 2685             org.eclipse.jgit.dircache.DirCacheEntry::isExtended (24 bytes)
Event: 73825.362 Thread 0x00000000104ce000 nmethod 2685 0x0000000004c04fd0 code [0x0000000004c05100, 0x0000000004c051b8]
Event: 73825.362 Thread 0x00000000104ce000 2687             org.eclipse.jgit.dircache.DirCacheEntry::<init> (373 bytes)
Event: 73825.362 Thread 0x00000000104d3000 2686             org.eclipse.jgit.dircache.DirCacheEntry::mightBeRacilyClean (46 bytes)
Event: 73825.364 Thread 0x00000000104d3000 nmethod 2686 0x0000000004d6fcd0 code [0x0000000004d6fe20, 0x0000000004d6ff88]
Event: 73825.372 Thread 0x00000000104ce000 nmethod 2687 0x0000000004c05610 code [0x0000000004c057e0, 0x0000000004c05f30]

GC Heap History (10 events):
Event: 73763.195 GC heap before
{Heap before GC invocations=792 (full 340):
 PSYoungGen      total 168448K, used 165361K [0x00000007c0000000, 0x00000007caaa0000, 0x0000000800000000)
  eden space 162624K, 100% used [0x00000007c0000000,0x00000007c9ed0000,0x00000007c9ed0000)
  from space 5824K, 47% used [0x00000007c9ed0000,0x00000007ca17c758,0x00000007ca480000)
  to   space 5888K, 0% used [0x00000007ca4e0000,0x00000007ca4e0000,0x00000007caaa0000)
 ParOldGen       total 349568K, used 126750K [0x0000000740000000, 0x0000000755560000, 0x00000007c0000000)
  object space 349568K, 36% used [0x0000000740000000,0x0000000747bc7b78,0x0000000755560000)
 PSPermGen       total 59072K, used 59022K [0x000000073ae00000, 0x000000073e7b0000, 0x0000000740000000)
  object space 59072K, 99% used [0x000000073ae00000,0x000000073e7a3bc8,0x000000073e7b0000)
Event: 73763.199 GC heap after
Heap after GC invocations=792 (full 340):
 PSYoungGen      total 169216K, used 1215K [0x00000007c0000000, 0x00000007caaa0000, 0x0000000800000000)
  eden space 163328K, 0% used [0x00000007c0000000,0x00000007c0000000,0x00000007c9f80000)
  from space 5888K, 20% used [0x00000007ca4e0000,0x00000007ca60fd80,0x00000007caaa0000)
  to   space 5504K, 0% used [0x00000007c9f80000,0x00000007c9f80000,0x00000007ca4e0000)
 ParOldGen       total 349568K, used 128576K [0x0000000740000000, 0x0000000755560000, 0x00000007c0000000)
  object space 349568K, 36% used [0x0000000740000000,0x0000000747d903a8,0x0000000755560000)
 PSPermGen       total 59072K, used 59022K [0x000000073ae00000, 0x000000073e7b0000, 0x0000000740000000)
  object space 59072K, 99% used [0x000000073ae00000,0x000000073e7a3bc8,0x000000073e7b0000)
}
Event: 73784.196 GC heap before
{Heap before GC invocations=793 (full 340):
 PSYoungGen      total 169216K, used 164543K [0x00000007c0000000, 0x00000007caaa0000, 0x0000000800000000)
  eden space 163328K, 100% used [0x00000007c0000000,0x00000007c9f80000,0x00000007c9f80000)
  from space 5888K, 20% used [0x00000007ca4e0000,0x00000007ca60fd80,0x00000007caaa0000)
  to   space 5504K, 0% used [0x00000007c9f80000,0x00000007c9f80000,0x00000007ca4e0000)
 ParOldGen       total 349568K, used 128576K [0x0000000740000000, 0x0000000755560000, 0x00000007c0000000)
  object space 349568K, 36% used [0x0000000740000000,0x0000000747d903a8,0x0000000755560000)
 PSPermGen       total 59072K, used 59052K [0x000000073ae00000, 0x000000073e7b0000, 0x0000000740000000)
  object space 59072K, 99% used [0x000000073ae00000,0x000000073e7ab2e0,0x000000073e7b0000)
Event: 73784.199 GC heap after
Heap after GC invocations=793 (full 340):
 PSYoungGen      total 168832K, used 1408K [0x00000007c0000000, 0x00000007caaa0000, 0x0000000800000000)
  eden space 163328K, 0% used [0x00000007c0000000,0x00000007c0000000,0x00000007c9f80000)
  from space 5504K, 25% used [0x00000007c9f80000,0x00000007ca0e01e0,0x00000007ca4e0000)
  to   space 5120K, 0% used [0x00000007ca5a0000,0x00000007ca5a0000,0x00000007caaa0000)
 ParOldGen       total 349568K, used 129308K [0x0000000740000000, 0x0000000755560000, 0x00000007c0000000)
  object space 349568K, 36% used [0x0000000740000000,0x0000000747e47090,0x0000000755560000)
 PSPermGen       total 59072K, used 59052K [0x000000073ae00000, 0x000000073e7b0000, 0x0000000740000000)
  object space 59072K, 99% used [0x000000073ae00000,0x000000073e7ab2e0,0x000000073e7b0000)
}
Event: 73786.413 GC heap before
{Heap before GC invocations=794 (full 340):
 PSYoungGen      total 168832K, used 164736K [0x00000007c0000000, 0x00000007caaa0000, 0x0000000800000000)
  eden space 163328K, 100% used [0x00000007c0000000,0x00000007c9f80000,0x00000007c9f80000)
  from space 5504K, 25% used [0x00000007c9f80000,0x00000007ca0e01e0,0x00000007ca4e0000)
  to   space 5120K, 0% used [0x00000007ca5a0000,0x00000007ca5a0000,0x00000007caaa0000)
 ParOldGen       total 349568K, used 129308K [0x0000000740000000, 0x0000000755560000, 0x00000007c0000000)
  object space 349568K, 36% used [0x0000000740000000,0x0000000747e47090,0x0000000755560000)
 PSPermGen       total 59072K, used 59054K [0x000000073ae00000, 0x000000073e7b0000, 0x0000000740000000)
  object space 59072K, 99% used [0x000000073ae00000,0x000000073e7aba68,0x000000073e7b0000)
Event: 73786.416 GC heap after
Heap after GC invocations=794 (full 340):
 PSYoungGen      total 169856K, used 704K [0x00000007c0000000, 0x00000007caaa0000, 0x0000000800000000)
  eden space 164736K, 0% used [0x00000007c0000000,0x00000007c0000000,0x00000007ca0e0000)
  from space 5120K, 13% used [0x00000007ca5a0000,0x00000007ca650000,0x00000007caaa0000)
  to   space 4864K, 0% used [0x00000007ca0e0000,0x00000007ca0e0000,0x00000007ca5a0000)
 ParOldGen       total 349568K, used 130158K [0x0000000740000000, 0x0000000755560000, 0x00000007c0000000)
  object space 349568K, 37% used [0x0000000740000000,0x0000000747f1bbe8,0x0000000755560000)
 PSPermGen       total 59072K, used 59054K [0x000000073ae00000, 0x000000073e7b0000, 0x0000000740000000)
  object space 59072K, 99% used [0x000000073ae00000,0x000000073e7aba68,0x000000073e7b0000)
}
Event: 73789.218 GC heap before
{Heap before GC invocations=795 (full 340):
 PSYoungGen      total 169856K, used 165440K [0x00000007c0000000, 0x00000007caaa0000, 0x0000000800000000)
  eden space 164736K, 100% used [0x00000007c0000000,0x00000007ca0e0000,0x00000007ca0e0000)
  from space 5120K, 13% used [0x00000007ca5a0000,0x00000007ca650000,0x00000007caaa0000)
  to   space 4864K, 0% used [0x00000007ca0e0000,0x00000007ca0e0000,0x00000007ca5a0000)
 ParOldGen       total 349568K, used 130158K [0x0000000740000000, 0x0000000755560000, 0x00000007c0000000)
  object space 349568K, 37% used [0x0000000740000000,0x0000000747f1bbe8,0x0000000755560000)
 PSPermGen       total 59072K, used 59054K [0x000000073ae00000, 0x000000073e7b0000, 0x0000000740000000)
  object space 59072K, 99% used [0x000000073ae00000,0x000000073e7abb10,0x000000073e7b0000)
Event: 73789.221 GC heap after
Heap after GC invocations=795 (full 340):
 PSYoungGen      total 168896K, used 4148K [0x00000007c0000000, 0x00000007caaa0000, 0x0000000800000000)
  eden space 164736K, 0% used [0x00000007c0000000,0x00000007c0000000,0x00000007ca0e0000)
  from space 4160K, 99% used [0x00000007ca0e0000,0x00000007ca4ed088,0x00000007ca4f0000)
  to   space 5568K, 0% used [0x00000007ca530000,0x00000007ca530000,0x00000007caaa0000)
 ParOldGen       total 349568K, used 130377K [0x0000000740000000, 0x0000000755560000, 0x00000007c0000000)
  object space 349568K, 37% used [0x0000000740000000,0x0000000747f52710,0x0000000755560000)
 PSPermGen       total 59072K, used 59054K [0x000000073ae00000, 0x000000073e7b0000, 0x0000000740000000)
  object space 59072K, 99% used [0x000000073ae00000,0x000000073e7abb10,0x000000073e7b0000)
}
Event: 73801.470 GC heap before
{Heap before GC invocations=796 (full 340):
 PSYoungGen      total 168896K, used 168884K [0x00000007c0000000, 0x00000007caaa0000, 0x0000000800000000)
  eden space 164736K, 100% used [0x00000007c0000000,0x00000007ca0e0000,0x00000007ca0e0000)
  from space 4160K, 99% used [0x00000007ca0e0000,0x00000007ca4ed088,0x00000007ca4f0000)
  to   space 5568K, 0% used [0x00000007ca530000,0x00000007ca530000,0x00000007caaa0000)
 ParOldGen       total 349568K, used 130377K [0x0000000740000000, 0x0000000755560000, 0x00000007c0000000)
  object space 349568K, 37% used [0x0000000740000000,0x0000000747f52710,0x0000000755560000)
 PSPermGen       total 59072K, used 59062K [0x000000073ae00000, 0x000000073e7b0000, 0x0000000740000000)
  object space 59072K, 99% used [0x000000073ae00000,0x000000073e7ad870,0x000000073e7b0000)
Event: 73801.473 GC heap after
Heap after GC invocations=796 (full 340):
 PSYoungGen      total 169472K, used 1362K [0x00000007c0000000, 0x00000007caaa0000, 0x0000000800000000)
  eden space 163904K, 0% used [0x00000007c0000000,0x00000007c0000000,0x00000007ca010000)
  from space 5568K, 24% used [0x00000007ca530000,0x00000007ca684b00,0x00000007caaa0000)
  to   space 5248K, 0% used [0x00000007ca010000,0x00000007ca010000,0x00000007ca530000)
 ParOldGen       total 349568K, used 132042K [0x0000000740000000, 0x0000000755560000, 0x00000007c0000000)
  object space 349568K, 37% used [0x0000000740000000,0x00000007480f2ba0,0x0000000755560000)
 PSPermGen       total 59072K, used 59062K [0x000000073ae00000, 0x000000073e7b0000, 0x0000000740000000)
  object space 59072K, 99% used [0x000000073ae00000,0x000000073e7ad870,0x000000073e7b0000)
}

Deoptimization events (10 events):
Event: 73788.466 Thread 0x0000000004390800 Uncommon trap -34 fr.pc 0x0000000004ca3498
Event: 73791.698 Thread 0x0000000004390800 Uncommon trap -34 fr.pc 0x0000000004ca3498
Event: 73795.320 Thread 0x0000000004390800 Uncommon trap -34 fr.pc 0x0000000004ca3498
Event: 73825.279 Thread 0x0000000004390800 Uncommon trap -34 fr.pc 0x0000000004be994c
Event: 73825.348 Thread 0x0000000013971800 Uncommon trap -34 fr.pc 0x00000000048378bc
Event: 73825.405 Thread 0x0000000004390800 Uncommon trap -83 fr.pc 0x0000000004a805a0
Event: 73825.405 Thread 0x0000000004390800 Uncommon trap -83 fr.pc 0x00000000048843e8
Event: 73825.459 Thread 0x0000000004390800 Uncommon trap -58 fr.pc 0x0000000004a0bf48
Event: 73825.459 Thread 0x0000000004390800 Uncommon trap -58 fr.pc 0x0000000004a0bf48
Event: 73825.471 Thread 0x0000000004390800 Uncommon trap 245 fr.pc 0x000000000451cec0

Internal exceptions (10 events):
Event: 73803.536 Thread 0x0000000004390800 Threw 0x00000007c092af50 at C:\jdk7u2_64p\jdk7u25\hotspot\src\share\vm\prims\jni.cpp:716
Event: 73803.541 Thread 0x0000000004390800 Threw 0x00000007c09c5d78 at C:\jdk7u2_64p\jdk7u25\hotspot\src\share\vm\prims\jni.cpp:716
Event: 73803.541 Thread 0x0000000004390800 Threw 0x00000007c09c67f0 at C:\jdk7u2_64p\jdk7u25\hotspot\src\share\vm\prims\jni.cpp:716
Event: 73803.542 Thread 0x0000000004390800 Threw 0x00000007c09c7230 at C:\jdk7u2_64p\jdk7u25\hotspot\src\share\vm\prims\jni.cpp:716
Event: 73803.542 Thread 0x0000000004390800 Threw 0x00000007c09c7d58 at C:\jdk7u2_64p\jdk7u25\hotspot\src\share\vm\prims\jni.cpp:716
Event: 73803.551 Thread 0x0000000004390800 Threw 0x00000007c0ad1408 at C:\jdk7u2_64p\jdk7u25\hotspot\src\share\vm\prims\jni.cpp:716
Event: 73803.551 Thread 0x0000000004390800 Threw 0x00000007c0ad1f68 at C:\jdk7u2_64p\jdk7u25\hotspot\src\share\vm\prims\jni.cpp:716
Event: 73803.551 Thread 0x0000000004390800 Threw 0x00000007c0ad2be8 at C:\jdk7u2_64p\jdk7u25\hotspot\src\share\vm\prims\jni.cpp:716
Event: 73825.405 Thread 0x0000000004390800 Implicit null exception at 0x0000000004a8027b to 0x0000000004a80581
Event: 73825.405 Thread 0x0000000004390800 Implicit null exception at 0x00000000048840e9 to 0x00000000048843c9

Events (10 events):
Event: 73825.469 Executing VM operation: RevokeBias
Event: 73825.469 Executing VM operation: RevokeBias done
Event: 73825.469 Thread 0x00000000150fe000 Thread exited: 0x00000000150fe000
Event: 73825.469 Executing VM operation: RevokeBias
Event: 73825.469 Executing VM operation: RevokeBias done
Event: 73825.469 Thread 0x00000000150f7800 Thread exited: 0x00000000150f7800
Event: 73825.469 Executing VM operation: RevokeBias
Event: 73825.469 Executing VM operation: RevokeBias done
Event: 73825.471 Thread 0x0000000004390800 DEOPT PACKING pc=0x000000000451cec0 sp=0x000000000014d750
Event: 73825.471 Thread 0x0000000004390800 DEOPT UNPACKING pc=0x00000000044d9164 sp=0x000000000014d748 mode 2


Dynamic libraries:
0x0000000000400000 - 0x000000000040e000 	C:\Program Files\Exelis\IDL85\bin\bin.x86_64\idlde.exe
0x00007fff39f40000 - 0x00007fff3a120000 	C:\WINDOWS\SYSTEM32\ntdll.dll
0x00007fff15660000 - 0x00007fff15694000 	C:\Program Files\AVAST Software\Avast\x64\aswhooka.dll
0x00007fff38000000 - 0x00007fff380ae000 	C:\WINDOWS\System32\KERNEL32.DLL
0x00007fff36530000 - 0x00007fff36796000 	C:\WINDOWS\System32\KERNELBASE.dll
0x00007fff34590000 - 0x00007fff34618000 	C:\WINDOWS\SYSTEM32\apphelp.dll
0x00007fff14130000 - 0x00007fff14187000 	C:\WINDOWS\SYSTEM32\AcGenral.DLL
0x00007fff389f0000 - 0x00007fff38a8d000 	C:\WINDOWS\System32\msvcrt.dll
0x00007fff38740000 - 0x00007fff3879b000 	C:\WINDOWS\System32\sechost.dll
0x00007fff38620000 - 0x00007fff3873f000 	C:\WINDOWS\System32\RPCRT4.dll
0x00007fff37410000 - 0x00007fff37461000 	C:\WINDOWS\System32\SHLWAPI.dll
0x00007fff37610000 - 0x00007fff37918000 	C:\WINDOWS\System32\combase.dll
0x00007fff371f0000 - 0x00007fff372e6000 	C:\WINDOWS\System32\ucrtbase.dll
0x00007fff372f0000 - 0x00007fff37362000 	C:\WINDOWS\System32\bcryptPrimitives.dll
0x00007fff387a0000 - 0x00007fff387c8000 	C:\WINDOWS\System32\GDI32.dll
0x00007fff36340000 - 0x00007fff364d3000 	C:\WINDOWS\System32\gdi32full.dll
0x00007fff37370000 - 0x00007fff3740b000 	C:\WINDOWS\System32\msvcp_win.dll
0x00007fff387d0000 - 0x00007fff3895f000 	C:\WINDOWS\System32\USER32.dll
0x00007fff36ef0000 - 0x00007fff36f10000 	C:\WINDOWS\System32\win32u.dll
0x00007fff384d0000 - 0x00007fff38619000 	C:\WINDOWS\System32\ole32.dll
0x00007fff38ad0000 - 0x00007fff39f06000 	C:\WINDOWS\System32\SHELL32.dll
0x00007fff364e0000 - 0x00007fff3652a000 	C:\WINDOWS\System32\cfgmgr32.dll
0x00007fff38250000 - 0x00007fff382f6000 	C:\WINDOWS\System32\shcore.dll
0x00007fff367a0000 - 0x00007fff36ee7000 	C:\WINDOWS\System32\windows.storage.dll
0x00007fff37920000 - 0x00007fff379c1000 	C:\WINDOWS\System32\advapi32.dll
0x00007fff36290000 - 0x00007fff362a1000 	C:\WINDOWS\System32\kernel.appcore.dll
0x00007fff362f0000 - 0x00007fff3633c000 	C:\WINDOWS\System32\powrprof.dll
0x00007fff362d0000 - 0x00007fff362eb000 	C:\WINDOWS\System32\profapi.dll
0x00007fff36190000 - 0x00007fff361c0000 	C:\WINDOWS\SYSTEM32\SspiCli.dll
0x00007fff361c0000 - 0x00007fff361e9000 	C:\WINDOWS\SYSTEM32\USERENV.dll
0x00007fff2da90000 - 0x00007fff2daab000 	C:\WINDOWS\SYSTEM32\MPR.dll
0x00007fff38a90000 - 0x00007fff38abd000 	C:\WINDOWS\System32\IMM32.DLL
0x00007fff21770000 - 0x00007fff219d9000 	C:\WINDOWS\WinSxS\amd64_microsoft.windows.common-controls_6595b64144ccf1df_6.0.16299.371_none_15c7d1789365a290\COMCTL32.dll
0x0000000072000000 - 0x0000000072012000 	C:\Program Files\Exelis\IDL85\bin\bin.x86_64\plugins\org.eclipse.equinox.launcher.win32.win32.x86_64_1.1.100.v20110502\eclipse_1406.dll
0x00007fff2ccc0000 - 0x00007fff2ccca000 	C:\WINDOWS\SYSTEM32\VERSION.dll
0x0000000053750000 - 0x0000000053e5f000 	C:\Program Files\Exelis\IDL85\bin\bin.x86_64\jre\bin\server\jvm.dll
0x00007fff37490000 - 0x00007fff37498000 	C:\WINDOWS\System32\PSAPI.DLL
0x00007fff2ed30000 - 0x00007fff2ed39000 	C:\WINDOWS\SYSTEM32\WSOCK32.dll
0x00007fff37b40000 - 0x00007fff37bac000 	C:\WINDOWS\System32\WS2_32.dll
0x00007fff1d140000 - 0x00007fff1d163000 	C:\WINDOWS\SYSTEM32\WINMM.dll
0x0000000053670000 - 0x0000000053742000 	C:\WINDOWS\SYSTEM32\MSVCR100.dll
0x00007fff1d190000 - 0x00007fff1d1ba000 	C:\WINDOWS\SYSTEM32\WINMMBASE.dll
0x0000000054ad0000 - 0x0000000054adf000 	C:\Program Files\Exelis\IDL85\bin\bin.x86_64\jre\bin\verify.dll
0x0000000054aa0000 - 0x0000000054ac8000 	C:\Program Files\Exelis\IDL85\bin\bin.x86_64\jre\bin\java.dll
0x0000000054a80000 - 0x0000000054a95000 	C:\Program Files\Exelis\IDL85\bin\bin.x86_64\jre\bin\zip.dll
0x00007fff35ce0000 - 0x00007fff35cf7000 	C:\WINDOWS\SYSTEM32\CRYPTSP.dll
0x00007fff356c0000 - 0x00007fff356f3000 	C:\WINDOWS\system32\rsaenh.dll
0x00007fff35df0000 - 0x00007fff35e15000 	C:\WINDOWS\SYSTEM32\bcrypt.dll
0x00007fff35d00000 - 0x00007fff35d0b000 	C:\WINDOWS\SYSTEM32\CRYPTBASE.dll
0x0000000054a60000 - 0x0000000054a79000 	C:\Program Files\Exelis\IDL85\bin\bin.x86_64\jre\bin\net.dll
0x00007fff35b20000 - 0x00007fff35b86000 	C:\WINDOWS\system32\mswsock.dll
0x00007fff33f10000 - 0x00007fff33f26000 	C:\WINDOWS\system32\napinsp.dll
0x00007fff32030000 - 0x00007fff3204a000 	C:\WINDOWS\system32\pnrpnsp.dll
0x00007fff324a0000 - 0x00007fff324b8000 	C:\WINDOWS\system32\NLAapi.dll
0x00007fff358a0000 - 0x00007fff35956000 	C:\WINDOWS\SYSTEM32\DNSAPI.dll
0x00007fff38ac0000 - 0x00007fff38ac8000 	C:\WINDOWS\System32\NSI.dll
0x00007fff35850000 - 0x00007fff35889000 	C:\WINDOWS\SYSTEM32\IPHLPAPI.DLL
0x00007fff33f30000 - 0x00007fff33f3e000 	C:\WINDOWS\System32\winrnr.dll
0x00007fff313a0000 - 0x00007fff313aa000 	C:\Windows\System32\rasadhlp.dll
0x00007fff337f0000 - 0x00007fff33860000 	C:\WINDOWS\System32\fwpuclnt.dll
0x0000000053f90000 - 0x0000000053fa1000 	C:\Program Files\Exelis\IDL85\bin\bin.x86_64\jre\bin\nio.dll
0x00007fff34890000 - 0x00007fff34925000 	C:\WINDOWS\system32\uxtheme.dll
0x00007fff379d0000 - 0x00007fff37b37000 	C:\WINDOWS\System32\MSCTF.dll
0x00007fff38360000 - 0x00007fff38425000 	C:\WINDOWS\System32\OLEAUT32.dll
0x0000000013e50000 - 0x0000000013ef7000 	C:\Users\MSomrak\.idl\idlworkbench-config-idl8.5_x86_64\org.eclipse.osgi\bundles\532\1\.cp\swt-win32-3740.dll
0x00007fff37500000 - 0x00007fff3760a000 	C:\WINDOWS\System32\comdlg32.dll
0x00007fff37020000 - 0x00007fff371ee000 	C:\WINDOWS\System32\CRYPT32.dll
0x00007fff362b0000 - 0x00007fff362c2000 	C:\WINDOWS\System32\MSASN1.dll
0x00007fff1e0b0000 - 0x00007fff1e136000 	C:\WINDOWS\SYSTEM32\WINSPOOL.DRV
0x00007fff15af0000 - 0x00007fff15b09000 	C:\WINDOWS\SYSTEM32\USP10.dll
0x00007fff18e80000 - 0x00007fff191b4000 	C:\WINDOWS\SYSTEM32\WININET.dll
0x00007fff34a10000 - 0x00007fff34a3a000 	C:\WINDOWS\system32\dwmapi.dll
0x00007fff328d0000 - 0x00007fff32a81000 	C:\WINDOWS\SYSTEM32\propsys.dll
0x00007fff38430000 - 0x00007fff384ce000 	C:\WINDOWS\System32\clbcatq.dll
0x00000000154c0000 - 0x00000000154de000 	C:\Users\MSomrak\.idl\idlworkbench-config-idl8.5_x86_64\org.eclipse.osgi\bundles\532\1\.cp\swt-gdip-win32-3740.dll
0x00007fff1d5f0000 - 0x00007fff1d78c000 	C:\WINDOWS\WinSxS\amd64_microsoft.windows.gdiplus_6595b64144ccf1df_1.1.16299.371_none_46b2c45dedf81c5e\gdiplus.dll
0x00007fff1c920000 - 0x00007fff1cacb000 	C:\WINDOWS\SYSTEM32\WindowsCodecs.dll
0x00007fff1cad0000 - 0x00007fff1cb68000 	C:\WINDOWS\System32\TextInputFramework.dll
0x00007fff25c80000 - 0x00007fff25f6e000 	C:\WINDOWS\System32\CoreUIComponents.dll
0x00007fff323c0000 - 0x00007fff3249c000 	C:\WINDOWS\System32\CoreMessaging.dll
0x00007fff35210000 - 0x00007fff35241000 	C:\WINDOWS\SYSTEM32\ntmarta.dll
0x00007fff311d0000 - 0x00007fff31306000 	C:\WINDOWS\SYSTEM32\wintypes.dll
0x0000000180000000 - 0x0000000180011000 	C:\Users\MSomrak\.idl\idlworkbench-config-idl8.5_x86_64\org.eclipse.osgi\bundles\184\1\.cp\os\win32\x86_64\localfile_1_0_0.dll
0x00007fff14280000 - 0x00007fff142cd000 	C:\Program Files\Exelis\IDL85\bin\bin.x86_64\idl_ips.dll
0x00007fff05950000 - 0x00007fff0671d000 	C:\Program Files\Exelis\IDL85\bin\bin.x86_64\idl.dll
0x00007fff141a0000 - 0x00007fff141c3000 	C:\Program Files\Exelis\IDL85\bin\bin.x86_64\UG3220.dll
0x00007fff140b0000 - 0x00007fff1410c000 	C:\Program Files\Exelis\IDL85\bin\bin.x86_64\MesaGLU6_2.dll
0x00007fff0a100000 - 0x00007fff0a28e000 	C:\Program Files\Exelis\IDL85\bin\bin.x86_64\MesaGL6_2.dll
0x00007fff33f00000 - 0x00007fff33f0c000 	C:\Program Files\Exelis\IDL85\bin\bin.x86_64\osmesa6_2.dll
0x00007fff2a170000 - 0x00007fff2a187000 	C:\WINDOWS\SYSTEM32\NETAPI32.dll
0x00007fff12200000 - 0x00007fff1227c000 	C:\Program Files\Exelis\IDL85\bin\bin.x86_64\freetype2_4_7.dll
0x00007fff1d130000 - 0x00007fff1d137000 	C:\WINDOWS\SYSTEM32\MSIMG32.dll
0x00007fff337c0000 - 0x00007fff337d6000 	C:\WINDOWS\SYSTEM32\dhcpcsvc6.DLL
0x00007fff33210000 - 0x00007fff3322a000 	C:\WINDOWS\SYSTEM32\dhcpcsvc.DLL
0x0000000019050000 - 0x0000000019369000 	C:\WINDOWS\system32\spool\DRIVERS\x64\3\KMUU60RQ.DLL
0x00007fff2a570000 - 0x00007fff2a66b000 	C:\WINDOWS\SYSTEM32\ClusApi.dll
0x0000000019660000 - 0x0000000019aa7000 	C:\WINDOWS\system32\spool\drivers\x64\3\KMFs60RQ.dll
0x00007fff37bb0000 - 0x00007fff37ffe000 	C:\WINDOWS\System32\SETUPAPI.dll
0x00007fff35890000 - 0x00007fff3589e000 	C:\WINDOWS\SYSTEM32\NETUTILS.DLL
0x0000000019470000 - 0x0000000019549000 	C:\WINDOWS\system32\spool\drivers\x64\3\KMPE60RQ.dll
0x0000000019af0000 - 0x0000000019c02000 	C:\WINDOWS\system32\spool\drivers\x64\3\KMWM60RQ.dll
0x0000000019da0000 - 0x0000000019ef4000 	C:\WINDOWS\system32\spool\drivers\x64\3\KMPF60RQ.dll
0x0000000019f00000 - 0x000000001a019000 	C:\WINDOWS\system32\spool\drivers\x64\3\KMPO60RQ.dll
0x000000001a060000 - 0x000000001a136000 	C:\WINDOWS\system32\spool\drivers\x64\3\KMXL60RQ.dll
0x000000001a140000 - 0x000000001a209000 	C:\WINDOWS\system32\spool\drivers\x64\3\KM5E60RQ.dll
0x000000001a290000 - 0x000000001a41a000 	C:\WINDOWS\system32\spool\drivers\x64\3\KMPS60RQ.dll
0x000000001a4a0000 - 0x000000001a5ee000 	C:\WINDOWS\system32\spool\drivers\x64\3\KMRF60RQ.dll
0x000000001a740000 - 0x000000001aa2e000 	C:\WINDOWS\system32\spool\DRIVERS\x64\3\KMUC60RQ.DLL
0x00007fff0e700000 - 0x00007fff0e81e000 	C:\WINDOWS\SYSTEM32\OpenGL32.DLL
0x00007fff14080000 - 0x00007fff140ac000 	C:\WINDOWS\SYSTEM32\GLU32.dll
0x00007fff13920000 - 0x00007fff1395e000 	C:\Program Files\Exelis\IDL85\bin\bin.x86_64\gl_driver.dll
0x000000001a030000 - 0x000000001a033000 	C:\WINDOWS\SYSTEM32\icmp.Dll
0x00007fff2e270000 - 0x00007fff2e2de000 	C:\WINDOWS\SYSTEM32\oleacc.dll
0x00007fff0db30000 - 0x00007fff0dfc3000 	C:\WINDOWS\system32\explorerframe.dll
0x00007fff0dfd0000 - 0x00007fff0e01f000 	C:\WINDOWS\system32\dataexchange.dll
0x00007fff318f0000 - 0x00007fff31bd2000 	C:\WINDOWS\system32\d3d11.dll
0x00007fff33670000 - 0x00007fff337b2000 	C:\WINDOWS\system32\dcomp.dll
0x00007fff34f40000 - 0x00007fff34fef000 	C:\WINDOWS\system32\dxgi.dll
0x00007fff34a40000 - 0x00007fff34bbb000 	C:\WINDOWS\system32\twinapi.appcore.dll
0x00007fff34950000 - 0x00007fff34970000 	C:\WINDOWS\system32\RMCLIENT.dll
0x00007fff0f320000 - 0x00007fff0f35f000 	C:\WINDOWS\system32\mlang.dll
0x00007fff13890000 - 0x00007fff138a1000 	C:\Users\MSomrak\.idl\idlworkbench-config-idl8.5_x86_64\org.eclipse.osgi\bundles\209\1\.cp\jWinHttp-1.0.0.dll
0x00007fff330d0000 - 0x00007fff331ae000 	C:\WINDOWS\SYSTEM32\WINHTTP.dll
0x00007fff0da00000 - 0x00007fff0da5b000 	C:\Windows\System32\thumbcache.dll
0x00007fff317a0000 - 0x00007fff3181a000 	C:\WINDOWS\SYSTEM32\policymanager.dll
0x00007fff33e50000 - 0x00007fff33ee0000 	C:\WINDOWS\SYSTEM32\msvcp110_win.dll
0x00007fff04020000 - 0x00007fff0406a000 	C:\Windows\System32\dlnashext.dll
0x00007fff0f840000 - 0x00007fff0f85f000 	C:\Windows\System32\DevDispItemProvider.dll

VM Arguments:
jvm_args: -Dosgi.instance.area.default=@user.home/IDLWorkspace85 -Dosgi.configuration.area=@user.home/.idl/idlworkbench-config-idl8.5_x86_64 -Dosgi.configuration.cascaded=true -Dosgi.checkConfiguration=true -Dosgi.sharedConfiguration.area.readOnly=true -Dorg.eclipse.update.reconcile=false -Declipse.p2.data.area=@config.dir/p2 -Dosgi.sharedConfiguration.area=C:\Program Files\Exelis\IDL85\bin\bin.x86_64/configuration -Xms512m -Xmx3072m 
java_command: <unknown>
Launcher Type: generic

Environment Variables:
JAVA_HOME=C:\Program Files\Java\jdk1.8.0_162
JRE_HOME=C:\Program Files\Java\jdk1.8.0_162\jre
CLASSPATH=.;C:\Program Files\Java\jdk1.8.0_162\lib;C:\Program Files\Java\jdk1.8.0_162\jre\li
PATH=C:/Program Files/Exelis/IDL85/bin/bin.x86_64/jre/bin/server;C:/Program Files/Exelis/IDL85/bin/bin.x86_64/jre/bin;C:/Program Files/Exelis/IDL85/bin/bin.x86_64/jre/lib/amd64;C:\Program Files\Exelis\IDL85\bin\bin.x86_64\;C:\WINDOWS\system32;C:\WINDOWS;C:\WINDOWS\System32\Wbem;C:\WINDOWS\System32\WindowsPowerShell\v1.0\;C:\Program Files (x86)\gnuplot\bin;C:\Program Files\GDAL;C:\Program Files (x86)\GDAL;C:\OSGeo4W64\bin;C:\OSGeo4W64\apps\qgis\bin;C:\OSGeo4W64\apps\grass\grass-7.2.1\bin;C:\Python27;C:\Program Files\Java\jdk1.8.0_162\bin;C:\Program Files\Calibre2\;C:\Users\MSomrak\Downloads\MRT_download_Win\MRT\bin;c:\Programs\MODIS\bin;C:\Program Files\GDAL;C:\Users\MSomrak\AppData\Local\Continuum\Anaconda3;C:\Users\MSomrak\AppData\Local\Continuum\Anaconda3\Scripts;C:\Users\MSomrak\AppData\Local\Continuum\Anaconda3\Library\bin;USERPROFILE\AppData\Local\Microsoft\WindowsApps;C:\Program Files\snap\bin;C:\Program Files (x86)\ArcGIS\Desktop10.4\bin64;C:\Program Files (x86)\ArcGIS\Desktop10.4\arcpy;C:\Users\MSomrak;;C:\Program Files\Exelis\IDL85\bin\bin.x86_64;
USERNAME=MSomrak
OS=Windows_NT
PROCESSOR_IDENTIFIER=Intel64 Family 6 Model 30 Stepping 5, GenuineIntel



---------------  S Y S T E M  ---------------

OS: Windows 8 , 64 bit Build 9200 

CPU:total 8 (4 cores per cpu, 2 threads per core) family 6 model 30 stepping 5, cmov, cx8, fxsr, mmx, sse, sse2, sse3, ssse3, sse4.1, sse4.2, popcnt, ht, tsc, tscinvbit

Memory: 4k page, physical 20929652k(4353808k free), swap 37274672k(2114460k free)

vm_info: Java HotSpot(TM) 64-Bit Server VM (23.25-b01) for windows-amd64 JRE (1.7.0_25-b17), built on Jun 21 2013 12:58:32 by "java_re" with unknown MS VC++:1600

time: Wed Apr 18 10:35:27 2018
elapsed time: 73825 seconds

